длина отрезка интегрирования (по времени): 2.2 
количество расчетных точек по времени: 4399
считаем
проинтегрирован отрезок = 0.005
выполнено :0.227273%
(максимальная по пространству) локальная ошибка по времени : 8.01461e-09
значение высшей гармоники (норма по пространству) :0.00453777
прошедшее время : 1 секунд(ы)

проинтегрирован отрезок = 0.01
выполнено :0.454545%
(максимальная по пространству) локальная ошибка по времени : 8.01461e-09
значение высшей гармоники (норма по пространству) :0.00678207
прошедшее время : 2 секунд(ы)

проинтегрирован отрезок = 0.015
выполнено :0.681818%
(максимальная по пространству) локальная ошибка по времени : 8.01461e-09
значение высшей гармоники (норма по пространству) :0.00728893
прошедшее время : 3 секунд(ы)

проинтегрирован отрезок = 0.02
выполнено :0.909091%
(максимальная по пространству) локальная ошибка по времени : 8.01461e-09
значение высшей гармоники (норма по пространству) :0.00651334
прошедшее время : 4 секунд(ы)

проинтегрирован отрезок = 0.025
выполнено :1.13636%
(максимальная по пространству) локальная ошибка по времени : 8.01461e-09
значение высшей гармоники (норма по пространству) :0.00479004
прошедшее время : 5 секунд(ы)

проинтегрирован отрезок = 0.03
выполнено :1.36364%
(максимальная по пространству) локальная ошибка по времени : 8.01461e-09
значение высшей гармоники (норма по пространству) :0.00234927
прошедшее время : 6 секунд(ы)

проинтегрирован отрезок = 0.035
выполнено :1.59091%
(максимальная по пространству) локальная ошибка по времени : 8.01461e-09
значение высшей гармоники (норма по пространству) :0.000643775
прошедшее время : 7 секунд(ы)

проинтегрирован отрезок = 0.04
выполнено :1.81818%
(максимальная по пространству) локальная ошибка по времени : 8.01461e-09
значение высшей гармоники (норма по пространству) :0.0040405
прошедшее время : 8 секунд(ы)

проинтегрирован отрезок = 0.045
выполнено :2.04545%
(максимальная по пространству) локальная ошибка по времени : 8.01461e-09
значение высшей гармоники (норма по пространству) :0.00766612
прошедшее время : 9 секунд(ы)

проинтегрирован отрезок = 0.05
выполнено :2.27273%
(максимальная по пространству) локальная ошибка по времени : 8.01461e-09
значение высшей гармоники (норма по пространству) :0.0112938
прошедшее время : 10 секунд(ы)

проинтегрирован отрезок = 0.055
выполнено :2.5%
(максимальная по пространству) локальная ошибка по времени : 8.01461e-09
значение высшей гармоники (норма по пространству) :0.0146413
прошедшее время : 11 секунд(ы)

проинтегрирован отрезок = 0.06
выполнено :2.72727%
(максимальная по пространству) локальная ошибка по времени : 8.01461e-09
значение высшей гармоники (норма по пространству) :0.0173912
прошедшее время : 12 секунд(ы)

проинтегрирован отрезок = 0.065
выполнено :2.95455%
(максимальная по пространству) локальная ошибка по времени : 8.01461e-09
значение высшей гармоники (норма по пространству) :0.019227
прошедшее время : 13 секунд(ы)

проинтегрирован отрезок = 0.07
выполнено :3.18182%
(максимальная по пространству) локальная ошибка по времени : 8.01461e-09
значение высшей гармоники (норма по пространству) :0.0198792
прошедшее время : 14 секунд(ы)

проинтегрирован отрезок = 0.075
выполнено :3.40909%
(максимальная по пространству) локальная ошибка по времени : 8.01461e-09
значение высшей гармоники (норма по пространству) :0.0191688
прошедшее время : 15 секунд(ы)

проинтегрирован отрезок = 0.08
выполнено :3.63636%
(максимальная по пространству) локальная ошибка по времени : 8.01461e-09
значение высшей гармоники (норма по пространству) :0.0170405
прошедшее время : 16 секунд(ы)

проинтегрирован отрезок = 0.085
выполнено :3.86364%
(максимальная по пространству) локальная ошибка по времени : 8.01461e-09
значение высшей гармоники (норма по пространству) :0.0135783
прошедшее время : 17 секунд(ы)

проинтегрирован отрезок = 0.09
выполнено :4.09091%
(максимальная по пространству) локальная ошибка по времени : 8.01461e-09
значение высшей гармоники (норма по пространству) :0.00900151
прошедшее время : 18 секунд(ы)

проинтегрирован отрезок = 0.095
выполнено :4.31818%
(максимальная по пространству) локальная ошибка по времени : 8.01461e-09
значение высшей гармоники (норма по пространству) :0.00364257
прошедшее время : 19 секунд(ы)

проинтегрирован отрезок = 0.1
выполнено :4.54545%
(максимальная по пространству) локальная ошибка по времени : 8.01461e-09
значение высшей гармоники (норма по пространству) :0.00209004
прошедшее время : 20 секунд(ы)

проинтегрирован отрезок = 0.105
выполнено :4.77273%
(максимальная по пространству) локальная ошибка по времени : 8.01461e-09
значение высшей гармоники (норма по пространству) :0.00775607
прошедшее время : 21 секунд(ы)

проинтегрирован отрезок = 0.11
выполнено :5%
(максимальная по пространству) локальная ошибка по времени : 8.01461e-09
значение высшей гармоники (норма по пространству) :0.0129286
прошедшее время : 22 секунд(ы)

проинтегрирован отрезок = 0.115
выполнено :5.22727%
(максимальная по пространству) локальная ошибка по времени : 8.01461e-09
значение высшей гармоники (норма по пространству) :0.017234
прошедшее время : 23 секунд(ы)

проинтегрирован отрезок = 0.12
выполнено :5.45455%
(максимальная по пространству) локальная ошибка по времени : 8.01461e-09
значение высшей гармоники (норма по пространству) :0.0203812
прошедшее время : 24 секунд(ы)

проинтегрирован отрезок = 0.125
выполнено :5.68182%
(максимальная по пространству) локальная ошибка по времени : 8.01461e-09
значение высшей гармоники (норма по пространству) :0.0221797
прошедшее время : 25 секунд(ы)

проинтегрирован отрезок = 0.13
выполнено :5.90909%
(максимальная по пространству) локальная ошибка по времени : 8.01461e-09
значение высшей гармоники (норма по пространству) :0.022545
прошедшее время : 26 секунд(ы)

проинтегрирован отрезок = 0.135
выполнено :6.13636%
(максимальная по пространству) локальная ошибка по времени : 8.01461e-09
значение высшей гармоники (норма по пространству) :0.0214939
прошедшее время : 28 секунд(ы)

проинтегрирован отрезок = 0.14
выполнено :6.36364%
(максимальная по пространству) локальная ошибка по времени : 8.01461e-09
значение высшей гармоники (норма по пространству) :0.0191328
прошедшее время : 29 секунд(ы)

проинтегрирован отрезок = 0.145
выполнено :6.59091%
(максимальная по пространству) локальная ошибка по времени : 8.01461e-09
значение высшей гармоники (норма по пространству) :0.0156416
прошедшее время : 30 секунд(ы)

проинтегрирован отрезок = 0.15
выполнено :6.81818%
(максимальная по пространству) локальная ошибка по времени : 8.01461e-09
значение высшей гармоники (норма по пространству) :0.0112565
прошедшее время : 31 секунд(ы)

проинтегрирован отрезок = 0.155
выполнено :7.04545%
(максимальная по пространству) локальная ошибка по времени : 8.01461e-09
значение высшей гармоники (норма по пространству) :0.00625311
прошедшее время : 32 секунд(ы)

проинтегрирован отрезок = 0.16
выполнено :7.27273%
(максимальная по пространству) локальная ошибка по времени : 8.01461e-09
значение высшей гармоники (норма по пространству) :0.000931161
прошедшее время : 33 секунд(ы)

проинтегрирован отрезок = 0.165
выполнено :7.5%
(максимальная по пространству) локальная ошибка по времени : 8.01461e-09
значение высшей гармоники (норма по пространству) :0.00439976
прошедшее время : 34 секунд(ы)

проинтегрирован отрезок = 0.17
выполнено :7.72727%
(максимальная по пространству) локальная ошибка по времени : 8.01461e-09
значение высшей гармоники (норма по пространству) :0.0094335
прошедшее время : 35 секунд(ы)

проинтегрирован отрезок = 0.175
выполнено :7.95455%
(максимальная по пространству) локальная ошибка по времени : 8.01461e-09
значение высшей гармоники (норма по пространству) :0.0138806
прошедшее время : 36 секунд(ы)

проинтегрирован отрезок = 0.18
выполнено :8.18182%
(максимальная по пространству) локальная ошибка по времени : 8.01461e-09
значение высшей гармоники (норма по пространству) :0.0174819
прошедшее время : 37 секунд(ы)

проинтегрирован отрезок = 0.185
выполнено :8.40909%
(максимальная по пространству) локальная ошибка по времени : 8.01461e-09
значение высшей гармоники (норма по пространству) :0.0200222
прошедшее время : 38 секунд(ы)

проинтегрирован отрезок = 0.19
выполнено :8.63636%
(максимальная по пространству) локальная ошибка по времени : 8.01461e-09
значение высшей гармоники (норма по пространству) :0.0213437
прошедшее время : 39 секунд(ы)

проинтегрирован отрезок = 0.195
выполнено :8.86364%
(максимальная по пространству) локальная ошибка по времени : 8.01461e-09
значение высшей гармоники (норма по пространству) :0.0213574
прошедшее время : 40 секунд(ы)

проинтегрирован отрезок = 0.2
выполнено :9.09091%
(максимальная по пространству) локальная ошибка по времени : 8.01461e-09
значение высшей гармоники (норма по пространству) :0.0200516
прошедшее время : 41 секунд(ы)

проинтегрирован отрезок = 0.205
выполнено :9.31818%
(максимальная по пространству) локальная ошибка по времени : 8.01461e-09
значение высшей гармоники (норма по пространству) :0.017496
прошедшее время : 42 секунд(ы)

проинтегрирован отрезок = 0.21
выполнено :9.54545%
(максимальная по пространству) локальная ошибка по времени : 8.01461e-09
значение высшей гармоники (норма по пространству) :0.0138402
прошедшее время : 43 секунд(ы)

проинтегрирован отрезок = 0.215
выполнено :9.77273%
(максимальная по пространству) локальная ошибка по времени : 8.01461e-09
значение высшей гармоники (норма по пространству) :0.00930614
прошедшее время : 44 секунд(ы)

проинтегрирован отрезок = 0.22
выполнено :10%
(максимальная по пространству) локальная ошибка по времени : 8.01461e-09
значение высшей гармоники (норма по пространству) :0.00417496
прошедшее время : 45 секунд(ы)

проинтегрирован отрезок = 0.225
выполнено :10.2273%
(максимальная по пространству) локальная ошибка по времени : 8.01461e-09
значение высшей гармоники (норма по пространству) :0.00123107
прошедшее время : 46 секунд(ы)

проинтегрирован отрезок = 0.23
выполнено :10.4545%
(максимальная по пространству) локальная ошибка по времени : 8.01461e-09
значение высшей гармоники (норма по пространству) :0.00657011
прошедшее время : 47 секунд(ы)

проинтегрирован отрезок = 0.235
выполнено :10.6818%
(максимальная по пространству) локальная ошибка по времени : 8.01461e-09
значение высшей гармоники (норма по пространству) :0.0115039
прошедшее время : 48 секунд(ы)

проинтегрирован отрезок = 0.24
выполнено :10.9091%
(максимальная по пространству) локальная ошибка по времени : 8.01461e-09
значение высшей гармоники (норма по пространству) :0.0157203
прошедшее время : 49 секунд(ы)

проинтегрирован отрезок = 0.245
выполнено :11.1364%
(максимальная по пространству) локальная ошибка по времени : 8.01461e-09
значение высшей гармоники (норма по пространству) :0.0189544
прошедшее время : 50 секунд(ы)

проинтегрирован отрезок = 0.25
выполнено :11.3636%
(максимальная по пространству) локальная ошибка по времени : 8.01461e-09
значение высшей гармоники (норма по пространству) :0.0210048
прошедшее время : 51 секунд(ы)

проинтегрирован отрезок = 0.255
выполнено :11.5909%
(максимальная по пространству) локальная ошибка по времени : 8.01461e-09
значение высшей гармоники (норма по пространству) :0.0217463
прошедшее время : 52 секунд(ы)

проинтегрирован отрезок = 0.26
выполнено :11.8182%
(максимальная по пространству) локальная ошибка по времени : 8.01461e-09
значение высшей гармоники (норма по пространству) :0.0211367
прошедшее время : 53 секунд(ы)

проинтегрирован отрезок = 0.265
выполнено :12.0455%
(максимальная по пространству) локальная ошибка по времени : 8.01461e-09
значение высшей гармоники (норма по пространству) :0.019218
прошедшее время : 54 секунд(ы)

проинтегрирован отрезок = 0.27
выполнено :12.2727%
(максимальная по пространству) локальная ошибка по времени : 8.01461e-09
значение высшей гармоники (норма по пространству) :0.0161131
прошедшее время : 55 секунд(ы)

проинтегрирован отрезок = 0.275
выполнено :12.5%
(максимальная по пространству) локальная ошибка по времени : 8.01461e-09
значение высшей гармоники (норма по пространству) :0.0120168
прошедшее время : 56 секунд(ы)

проинтегрирован отрезок = 0.28
выполнено :12.7273%
(максимальная по пространству) локальная ошибка по времени : 8.01461e-09
значение высшей гармоники (норма по пространству) :0.00718389
прошедшее время : 57 секунд(ы)

проинтегрирован отрезок = 0.285
выполнено :12.9545%
(максимальная по пространству) локальная ошибка по времени : 8.01461e-09
значение высшей гармоники (норма по пространству) :0.00191306
прошедшее время : 58 секунд(ы)

проинтегрирован отрезок = 0.29
выполнено :13.1818%
(максимальная по пространству) локальная ошибка по времени : 8.01461e-09
значение высшей гармоники (норма по пространству) :0.00347105
прошедшее время : 59 секунд(ы)

проинтегрирован отрезок = 0.295
выполнено :13.4091%
(максимальная по пространству) локальная ошибка по времени : 8.01461e-09
значение высшей гармоники (норма по пространству) :0.00863732
прошедшее время : 60 секунд(ы)

проинтегрирован отрезок = 0.3
выполнено :13.6364%
(максимальная по пространству) локальная ошибка по времени : 8.01461e-09
значение высшей гармоники (норма по пространству) :0.013268
прошедшее время : 61 секунд(ы)

проинтегрирован отрезок = 0.305
выполнено :13.8636%
(максимальная по пространству) локальная ошибка по времени : 8.01461e-09
значение высшей гармоники (норма по пространству) :0.017078
прошедшее время : 62 секунд(ы)

проинтегрирован отрезок = 0.31
выполнено :14.0909%
(максимальная по пространству) локальная ошибка по времени : 8.01461e-09
значение высшей гармоники (норма по пространству) :0.019832
прошедшее время : 63 секунд(ы)

проинтегрирован отрезок = 0.315
выполнено :14.3182%
(максимальная по пространству) локальная ошибка по времени : 8.01461e-09
значение высшей гармоники (норма по пространству) :0.0213593
прошедшее время : 64 секунд(ы)

проинтегрирован отрезок = 0.32
выполнено :14.5455%
(максимальная по пространству) локальная ошибка по времени : 8.01461e-09
значение высшей гармоники (норма по пространству) :0.0215643
прошедшее время : 65 секунд(ы)

проинтегрирован отрезок = 0.325
выполнено :14.7727%
(максимальная по пространству) локальная ошибка по времени : 8.01461e-09
значение высшей гармоники (норма по пространству) :0.020433
прошедшее время : 66 секунд(ы)

проинтегрирован отрезок = 0.33
выполнено :15%
(максимальная по пространству) локальная ошибка по времени : 8.01461e-09
значение высшей гармоники (норма по пространству) :0.0180341
прошедшее время : 67 секунд(ы)

проинтегрирован отрезок = 0.335
выполнено :15.2273%
(максимальная по пространству) локальная ошибка по времени : 8.01461e-09
значение высшей гармоники (норма по пространству) :0.0145152
прошедшее время : 68 секунд(ы)

проинтегрирован отрезок = 0.34
выполнено :15.4545%
(максимальная по пространству) локальная ошибка по времени : 8.01461e-09
значение высшей гармоники (норма по пространству) :0.0100937
прошедшее время : 69 секунд(ы)

проинтегрирован отрезок = 0.345
выполнено :15.6818%
(максимальная по пространству) локальная ошибка по времени : 8.01461e-09
значение высшей гармоники (норма по пространству) :0.0050437
прошедшее время : 70 секунд(ы)

проинтегрирован отрезок = 0.35
выполнено :15.9091%
(максимальная по пространству) локальная ошибка по времени : 8.01461e-09
значение высшей гармоники (норма по пространству) :0.000321103
прошедшее время : 71 секунд(ы)

проинтегрирован отрезок = 0.355
выполнено :16.1364%
(максимальная по пространству) локальная ошибка по времени : 8.01461e-09
значение высшей гармоники (норма по пространству) :0.00566727
прошедшее время : 72 секунд(ы)

проинтегрирован отрезок = 0.36
выполнено :16.3636%
(максимальная по пространству) локальная ошибка по времени : 8.01461e-09
значение высшей гармоники (норма по пространству) :0.0106624
прошедшее время : 73 секунд(ы)

проинтегрирован отрезок = 0.365
выполнено :16.5909%
(максимальная по пространству) локальная ошибка по времени : 8.01461e-09
значение высшей гармоники (норма по пространству) :0.014996
прошедшее время : 74 секунд(ы)

проинтегрирован отрезок = 0.37
выполнено :16.8182%
(максимальная по пространству) локальная ошибка по времени : 8.01461e-09
значение высшей гармоники (норма по пространству) :0.018399
прошедшее время : 75 секунд(ы)

проинтегрирован отрезок = 0.375
выполнено :17.0455%
(максимальная по пространству) локальная ошибка по времени : 8.01461e-09
значение высшей гармоники (норма по пространству) :0.0206604
прошедшее время : 76 секунд(ы)

проинтегрирован отрезок = 0.38
выполнено :17.2727%
(максимальная по пространству) локальная ошибка по времени : 8.01461e-09
значение высшей гармоники (норма по пространству) :0.0216405
прошедшее время : 77 секунд(ы)

проинтегрирован отрезок = 0.385
выполнено :17.5%
(максимальная по пространству) локальная ошибка по времени : 8.01461e-09
значение высшей гармоники (норма по пространству) :0.021279
прошедшее время : 78 секунд(ы)

проинтегрирован отрезок = 0.39
выполнено :17.7273%
(максимальная по пространству) локальная ошибка по времени : 8.01461e-09
значение высшей гармоники (норма по пространству) :0.0195989
прошедшее время : 79 секунд(ы)

проинтегрирован отрезок = 0.395
выполнено :17.9545%
(максимальная по пространству) локальная ошибка по времени : 8.01461e-09
значение высшей гармоники (норма по пространству) :0.0167048
прошедшее время : 80 секунд(ы)

проинтегрирован отрезок = 0.4
выполнено :18.1818%
(максимальная по пространству) локальная ошибка по времени : 8.01461e-09
значение высшей гармоники (норма по пространству) :0.0127762
прошедшее время : 81 секунд(ы)

проинтегрирован отрезок = 0.405
выполнено :18.4091%
(максимальная по пространству) локальная ошибка по времени : 8.01461e-09
значение высшей гармоники (норма по пространству) :0.00805649
прошедшее время : 82 секунд(ы)

проинтегрирован отрезок = 0.41
выполнено :18.6364%
(максимальная по пространству) локальная ошибка по времени : 8.01461e-09
значение высшей гармоники (норма по пространству) :0.0028379
прошедшее время : 83 секунд(ы)

проинтегрирован отрезок = 0.415
выполнено :18.8636%
(максимальная по пространству) локальная ошибка по времени : 8.01461e-09
значение высшей гармоники (норма по пространству) :0.00255647
прошедшее время : 84 секунд(ы)

проинтегрирован отрезок = 0.42
выполнено :19.0909%
(максимальная по пространству) локальная ошибка по времени : 8.01461e-09
значение высшей гармоники (норма по пространству) :0.0077926
прошедшее время : 85 секунд(ы)

проинтегрирован отрезок = 0.425
выполнено :19.3182%
(максимальная по пространству) локальная ошибка по времени : 8.01461e-09
значение высшей гармоники (норма по пространству) :0.0125462
прошедшее время : 86 секунд(ы)

проинтегрирован отрезок = 0.43
выполнено :19.5455%
(максимальная по пространству) локальная ошибка по времени : 8.01461e-09
значение высшей гармоники (норма по пространству) :0.0165227
прошедшее время : 87 секунд(ы)

проинтегрирован отрезок = 0.435
выполнено :19.7727%
(максимальная по пространству) локальная ошибка по времени : 8.01461e-09
значение высшей гармоники (норма по пространству) :0.0194756
прошедшее время : 88 секунд(ы)

проинтегрирован отрезок = 0.44
выполнено :20%
(максимальная по пространству) локальная ошибка по времени : 8.01461e-09
значение высшей гармоники (норма по пространству) :0.0212218
прошедшее время : 89 секунд(ы)

проинтегрирован отрезок = 0.445
выполнено :20.2273%
(максимальная по пространству) локальная ошибка по времени : 8.01461e-09
значение высшей гармоники (норма по пространству) :0.0216528
прошедшее время : 90 секунд(ы)

проинтегрирован отрезок = 0.45
выполнено :20.4545%
(максимальная по пространству) локальная ошибка по времени : 8.01461e-09
значение высшей гармоники (норма по пространству) :0.0207416
прошедшее время : 91 секунд(ы)

проинтегрирован отрезок = 0.455
выполнено :20.6818%
(максимальная по пространству) локальная ошибка по времени : 8.01461e-09
значение высшей гармоники (норма по пространству) :0.0185444
прошедшее время : 92 секунд(ы)

проинтегрирован отрезок = 0.46
выполнено :20.9091%
(максимальная по пространству) локальная ошибка по времени : 8.01461e-09
значение высшей гармоники (норма по пространству) :0.0151971
прошедшее время : 93 секунд(ы)

проинтегрирован отрезок = 0.465
выполнено :21.1364%
(максимальная по пространству) локальная ошибка по времени : 8.01461e-09
значение высшей гармоники (норма по пространству) :0.0109071
прошедшее время : 94 секунд(ы)

проинтегрирован отрезок = 0.47
выполнено :21.3636%
(максимальная по пространству) локальная ошибка по времени : 8.01461e-09
значение высшей гармоники (норма по пространству) :0.00594023
прошедшее время : 95 секунд(ы)

проинтегрирован отрезок = 0.475
выполнено :21.5909%
(максимальная по пространству) локальная ошибка по времени : 8.01461e-09
значение высшей гармоники (норма по пространству) :0.000604351
прошедшее время : 96 секунд(ы)

проинтегрирован отрезок = 0.48
выполнено :21.8182%
(максимальная по пространству) локальная ошибка по времени : 8.01461e-09
значение высшей гармоники (норма по пространству) :0.00476958
прошедшее время : 97 секунд(ы)

проинтегрирован отрезок = 0.485
выполнено :22.0455%
(максимальная по пространству) локальная ошибка по времени : 8.01461e-09
значение высшей гармоники (норма по пространству) :0.00984824
прошедшее время : 98 секунд(ы)

проинтегрирован отрезок = 0.49
выполнено :22.2727%
(максимальная по пространству) локальная ошибка по времени : 8.01461e-09
значение высшей гармоники (норма по пространству) :0.0143167
прошедшее время : 99 секунд(ы)

проинтегрирован отрезок = 0.495
выполнено :22.5%
(максимальная по пространству) локальная ошибка по времени : 8.01461e-09
значение высшей гармоники (норма по пространству) :0.0178978
прошедшее время : 100 секунд(ы)

проинтегрирован отрезок = 0.5
выполнено :22.7273%
(максимальная по пространству) локальная ошибка по времени : 8.01461e-09
значение высшей гармоники (норма по пространству) :0.0203696
прошедшее время : 101 секунд(ы)

проинтегрирован отрезок = 0.505
выполнено :22.9545%
(максимальная по пространству) локальная ошибка по времени : 8.01461e-09
значение высшей гармоники (норма по пространству) :0.021579
прошедшее время : 102 секунд(ы)

проинтегрирован отрезок = 0.51
выполнено :23.1818%
(максимальная по пространству) локальная ошибка по времени : 8.01461e-09
значение высшей гармоники (норма по пространству) :0.021451
прошедшее время : 103 секунд(ы)

проинтегрирован отрезок = 0.515
выполнено :23.4091%
(максимальная по пространству) локальная ошибка по времени : 8.01461e-09
значение высшей гармоники (норма по пространству) :0.0199936
прошедшее время : 104 секунд(ы)

проинтегрирован отрезок = 0.52
выполнено :23.6364%
(максимальная по пространству) локальная ошибка по времени : 8.01461e-09
значение высшей гармоники (норма по пространству) :0.0172972
прошедшее время : 105 секунд(ы)

проинтегрирован отрезок = 0.525
выполнено :23.8636%
(максимальная по пространству) локальная ошибка по времени : 8.01461e-09
значение высшей гармоники (норма по пространству) :0.0135285
прошедшее время : 106 секунд(ы)

проинтегрирован отрезок = 0.53
выполнено :24.0909%
(максимальная по пространству) локальная ошибка по времени : 8.01461e-09
значение высшей гармоники (норма по пространству) :0.00892095
прошедшее время : 108 секунд(ы)

проинтегрирован отрезок = 0.535
выполнено :24.3182%
(максимальная по пространству) локальная ошибка по времени : 8.01461e-09
значение высшей гармоники (норма по пространству) :0.00375999
прошедшее время : 109 секунд(ы)

проинтегрирован отрезок = 0.54
выполнено :24.5455%
(максимальная по пространству) локальная ошибка по времени : 8.01461e-09
значение высшей гармоники (норма по пространству) :0.00163465
прошедшее время : 110 секунд(ы)

проинтегрирован отрезок = 0.545
выполнено :24.7727%
(максимальная по пространству) локальная ошибка по времени : 8.01461e-09
значение высшей гармоники (норма по пространству) :0.00692865
прошедшее время : 111 секунд(ы)

проинтегрирован отрезок = 0.55
выполнено :25%
(максимальная по пространству) локальная ошибка по времени : 8.01461e-09
значение высшей гармоники (норма по пространству) :0.0117938
прошедшее время : 111 секунд(ы)

проинтегрирован отрезок = 0.555
выполнено :25.2273%
(максимальная по пространству) локальная ошибка по времени : 8.01461e-09
значение высшей гармоники (норма по пространству) :0.0159285
прошедшее время : 112 секунд(ы)

проинтегрирован отрезок = 0.56
выполнено :25.4545%
(максимальная по пространству) локальная ошибка по времени : 8.01461e-09
значение высшей гармоники (норма по пространству) :0.0190763
прошедшее время : 114 секунд(ы)

проинтегрирован отрезок = 0.565
выполнено :25.6818%
(максимальная по пространству) локальная ошибка по времени : 8.01461e-09
значение высшей гармоники (норма по пространству) :0.021042
прошедшее время : 114 секунд(ы)

проинтегрирован отрезок = 0.57
выполнено :25.9091%
(максимальная по пространству) локальная ошибка по времени : 8.01461e-09
значение высшей гармоники (норма по пространству) :0.0217037
прошедшее время : 116 секунд(ы)

проинтегрирован отрезок = 0.575
выполнено :26.1364%
(максимальная по пространству) локальная ошибка по времени : 8.01461e-09
значение высшей гармоники (норма по пространству) :0.0210201
прошедшее время : 116 секунд(ы)

проинтегрирован отрезок = 0.58
выполнено :26.3636%
(максимальная по пространству) локальная ошибка по времени : 8.01461e-09
значение высшей гармоники (норма по пространству) :0.0190337
прошедшее время : 118 секунд(ы)

проинтегрирован отрезок = 0.585
выполнено :26.5909%
(максимальная по пространству) локальная ошибка по времени : 8.01461e-09
значение высшей гармоники (норма по пространству) :0.0158672
прошедшее время : 118 секунд(ы)

проинтегрирован отрезок = 0.59
выполнено :26.8182%
(максимальная по пространству) локальная ошибка по времени : 8.01461e-09
значение высшей гармоники (норма по пространству) :0.0117168
прошедшее время : 119 секунд(ы)

проинтегрирован отрезок = 0.595
выполнено :27.0455%
(максимальная по пространству) локальная ошибка по времени : 8.01461e-09
значение высшей гармоники (норма по пространству) :0.00683952
прошедшее время : 120 секунд(ы)

проинтегрирован отрезок = 0.6
выполнено :27.2727%
(максимальная по пространству) локальная ошибка по времени : 8.01461e-09
значение высшей гармоники (норма по пространству) :0.00153766
прошедшее время : 121 секунд(ы)

проинтегрирован отрезок = 0.605
выполнено :27.5%
(максимальная по пространству) локальная ошибка по времени : 8.01461e-09
значение высшей гармоники (норма по пространству) :0.00386018
прошедшее время : 122 секунд(ы)

проинтегрирован отрезок = 0.61
выполнено :27.7273%
(максимальная по пространству) локальная ошибка по времени : 8.01461e-09
значение высшей гармоники (норма по пространству) :0.00901936
прошедшее время : 123 секунд(ы)

проинтегрирован отрезок = 0.615
выполнено :27.9545%
(максимальная по пространству) локальная ошибка по времени : 8.01461e-09
значение высшей гармоники (норма по пространству) :0.01362
прошедшее время : 124 секунд(ы)

проинтегрирован отрезок = 0.62
выполнено :28.1818%
(максимальная по пространству) локальная ошибка по времени : 8.01461e-09
значение высшей гармоники (норма по пространству) :0.0173769
прошедшее время : 125 секунд(ы)

проинтегрирован отрезок = 0.625
выполнено :28.4091%
(максимальная по пространству) локальная ошибка по времени : 8.01461e-09
значение высшей гармоники (норма по пространству) :0.0200571
прошедшее время : 126 секунд(ы)

проинтегрирован отрезок = 0.63
выполнено :28.6364%
(максимальная по пространству) локальная ошибка по времени : 8.01461e-09
значение высшей гармоники (норма по пространству) :0.0214945
прошедшее время : 127 секунд(ы)

проинтегрирован отрезок = 0.635
выполнено :28.8636%
(максимальная по пространству) локальная ошибка по времени : 8.01461e-09
значение высшей гармоники (норма по пространству) :0.0215999
прошедшее время : 128 секунд(ы)

проинтегрирован отрезок = 0.64
выполнено :29.0909%
(максимальная по пространству) локальная ошибка по времени : 8.01461e-09
значение высшей гармоники (норма по пространству) :0.0203668
прошедшее время : 129 секунд(ы)

проинтегрирован отрезок = 0.645
выполнено :29.3182%
(максимальная по пространству) локальная ошибка по времени : 8.01461e-09
значение высшей гармоники (норма по пространству) :0.0178713
прошедшее время : 130 секунд(ы)

проинтегрирован отрезок = 0.65
выполнено :29.5455%
(максимальная по пространству) локальная ошибка по времени : 8.01461e-09
значение высшей гармоники (норма по пространству) :0.014268
прошедшее время : 131 секунд(ы)

проинтегрирован отрезок = 0.655
выполнено :29.7727%
(максимальная по пространству) локальная ошибка по времени : 8.01461e-09
значение высшей гармоники (норма по пространству) :0.00977982
прошедшее время : 132 секунд(ы)

проинтегрирован отрезок = 0.66
выполнено :30%
(максимальная по пространству) локальная ошибка по времени : 8.01461e-09
значение высшей гармоники (норма по пространству) :0.00468487
прошедшее время : 133 секунд(ы)

проинтегрирован отрезок = 0.665
выполнено :30.2273%
(максимальная по пространству) локальная ошибка по времени : 8.01461e-09
значение высшей гармоники (норма по пространству) :0.000701218
прошедшее время : 134 секунд(ы)

проинтегрирован отрезок = 0.67
выполнено :30.4545%
(максимальная по пространству) локальная ошибка по времени : 8.01461e-09
значение высшей гармоники (норма по пространству) :0.00604462
прошедшее время : 135 секунд(ы)

проинтегрирован отрезок = 0.675
выполнено :30.6818%
(максимальная по пространству) локальная ошибка по времени : 8.01461e-09
значение высшей гармоники (норма по пространству) :0.0110141
прошедшее время : 136 секунд(ы)

проинтегрирован отрезок = 0.68
выполнено :30.9091%
(максимальная по пространству) локальная ошибка по времени : 8.01461e-09
значение высшей гармоники (норма по пространству) :0.0153015
прошедшее время : 137 секунд(ы)

проинтегрирован отрезок = 0.685
выполнено :31.1364%
(максимальная по пространству) локальная ошибка по времени : 8.01461e-09
значение высшей гармоники (норма по пространству) :0.018641
прошедшее время : 138 секунд(ы)

проинтегрирован отрезок = 0.69
выполнено :31.3636%
(максимальная по пространству) локальная ошибка по времени : 8.01461e-09
значение высшей гармоники (норма по пространству) :0.0208255
прошедшее время : 139 секунд(ы)

проинтегрирован отрезок = 0.695
выполнено :31.5909%
(максимальная по пространству) локальная ошибка по времени : 8.01461e-09
значение высшей гармоники (норма по пространству) :0.0217197
прошедшее время : 140 секунд(ы)

проинтегрирован отрезок = 0.7
выполнено :31.8182%
(максимальная по пространству) локальная ошибка по времени : 8.01461e-09
значение высшей гармоники (норма по пространству) :0.0212678
прошедшее время : 141 секунд(ы)

проинтегрирован отрезок = 0.705
выполнено :32.0455%
(максимальная по пространству) локальная ошибка по времени : 8.01461e-09
значение высшей гармоники (норма по пространству) :0.0194979
прошедшее время : 142 секунд(ы)

проинтегрирован отрезок = 0.71
выполнено :32.2727%
(максимальная по пространству) локальная ошибка по времени : 8.01461e-09
значение высшей гармоники (норма по пространству) :0.0165194
прошедшее время : 143 секунд(ы)

проинтегрирован отрезок = 0.715
выполнено :32.5%
(максимальная по пространству) локальная ошибка по времени : 8.01461e-09
значение высшей гармоники (норма по пространству) :0.0125167
прошедшее время : 144 секунд(ы)

проинтегрирован отрезок = 0.72
выполнено :32.7273%
(максимальная по пространству) локальная ошибка по времени : 8.01461e-09
значение высшей гармоники (норма по пространству) :0.00773764
прошедшее время : 145 секунд(ы)

проинтегрирован отрезок = 0.725
выполнено :32.9545%
(максимальная по пространству) локальная ошибка по времени : 8.01461e-09
значение высшей гармоники (норма по пространству) :0.00247831
прошедшее время : 146 секунд(ы)

проинтегрирован отрезок = 0.73
выполнено :33.1818%
(максимальная по пространству) локальная ошибка по времени : 8.01461e-09
значение высшей гармоники (норма по пространству) :0.00293537
прошедшее время : 147 секунд(ы)

проинтегрирован отрезок = 0.735
выполнено :33.4091%
(максимальная по пространству) локальная ошибка по времени : 8.01461e-09
значение высшей гармоники (норма по пространству) :0.00816785
прошедшее время : 148 секунд(ы)

проинтегрирован отрезок = 0.74
выполнено :33.6364%
(максимальная по пространству) локальная ошибка по времени : 8.01461e-09
значение высшей гармоники (норма по пространству) :0.0128948
прошедшее время : 150 секунд(ы)

проинтегрирован отрезок = 0.745
выполнено :33.8636%
(максимальная по пространству) локальная ошибка по времени : 8.01461e-09
значение высшей гармоники (норма по пространству) :0.016823
прошедшее время : 150 секунд(ы)

проинтегрирован отрезок = 0.75
выполнено :34.0909%
(максимальная по пространству) локальная ошибка по времени : 8.01461e-09
значение высшей гармоники (норма по пространству) :0.0197092
прошедшее время : 151 секунд(ы)

проинтегрирован отрезок = 0.755
выполнено :34.3182%
(максимальная по пространству) локальная ошибка по времени : 8.01461e-09
значение высшей гармоники (норма по пространству) :0.0213743
прошедшее время : 152 секунд(ы)

проинтегрирован отрезок = 0.76
выполнено :34.5455%
(максимальная по пространству) локальная ошибка по времени : 8.01461e-09
значение высшей гармоники (норма по пространству) :0.021715
прошедшее время : 153 секунд(ы)

проинтегрирован отрезок = 0.765
выполнено :34.7727%
(максимальная по пространству) локальная ошибка по времени : 8.01461e-09
значение высшей гармоники (норма по пространству) :0.0207102
прошедшее время : 154 секунд(ы)

проинтегрирован отрезок = 0.77
выполнено :35%
(максимальная по пространству) локальная ошибка по времени : 8.01461e-09
значение высшей гармоники (норма по пространству) :0.0184218
прошедшее время : 155 секунд(ы)

проинтегрирован отрезок = 0.775
выполнено :35.2273%
(максимальная по пространству) локальная ошибка по времени : 8.01461e-09
значение высшей гармоники (норма по пространству) :0.0149916
прошедшее время : 156 секунд(ы)

проинтегрирован отрезок = 0.78
выполнено :35.4545%
(максимальная по пространству) локальная ошибка по времени : 8.01461e-09
значение высшей гармоники (норма по пространству) :0.0106318
прошедшее время : 157 секунд(ы)

проинтегрирован отрезок = 0.785
выполнено :35.6818%
(максимальная по пространству) локальная ошибка по времени : 8.01461e-09
значение высшей гармоники (норма по пространству) :0.00561245
прошедшее время : 158 секунд(ы)

проинтегрирован отрезок = 0.79
выполнено :35.9091%
(максимальная по пространству) локальная ошибка по времени : 8.01461e-09
значение высшей гармоники (норма по пространству) :0.000244453
прошедшее время : 159 секунд(ы)

проинтегрирован отрезок = 0.795
выполнено :36.1364%
(максимальная по пространству) локальная ошибка по времени : 8.01461e-09
значение высшей гармоники (норма по пространству) :0.00513951
прошедшее время : 160 секунд(ы)

проинтегрирован отрезок = 0.8
выполнено :36.3636%
(максимальная по пространству) локальная ошибка по времени : 8.01461e-09
значение высшей гармоники (норма по пространству) :0.0102057
прошедшее время : 161 секунд(ы)

проинтегрирован отрезок = 0.805
выполнено :36.5909%
(максимальная по пространству) локальная ошибка по времени : 8.01461e-09
значение высшей гармоники (норма по пространству) :0.0146401
прошедшее время : 162 секунд(ы)

проинтегрирован отрезок = 0.81
выполнено :36.8182%
(максимальная по пространству) локальная ошибка по времени : 8.01461e-09
значение высшей гармоники (норма по пространству) :0.0181677
прошедшее время : 163 секунд(ы)

проинтегрирован отрезок = 0.815
выполнено :37.0455%
(максимальная по пространству) локальная ошибка по времени : 8.01461e-09
значение высшей гармоники (норма по пространству) :0.0205699
прошедшее время : 164 секунд(ы)

проинтегрирован отрезок = 0.82
выполнено :37.2727%
(максимальная по пространству) локальная ошибка по времени : 8.01461e-09
значение высшей гармоники (норма по пространству) :0.0216977
прошедшее время : 165 секунд(ы)

проинтегрирован отрезок = 0.825
выполнено :37.5%
(максимальная по пространству) локальная ошибка по времени : 8.01461e-09
значение высшей гармоники (норма по пространству) :0.0214811
прошедшее время : 166 секунд(ы)

проинтегрирован отрезок = 0.83
выполнено :37.7273%
(максимальная по пространству) локальная ошибка по времени : 8.01461e-09
значение высшей гармоники (норма по пространству) :0.0199335
прошедшее время : 167 секунд(ы)

проинтегрирован отрезок = 0.835
выполнено :37.9545%
(максимальная по пространству) локальная ошибка по времени : 8.01461e-09
значение высшей гармоники (норма по пространству) :0.0171504
прошедшее время : 168 секунд(ы)

проинтегрирован отрезок = 0.84
выполнено :38.1818%
(максимальная по пространству) локальная ошибка по времени : 8.01461e-09
значение высшей гармоники (норма по пространству) :0.0133042
прошедшее время : 169 секунд(ы)

проинтегрирован отрезок = 0.845
выполнено :38.4091%
(максимальная по пространству) локальная ошибка по времени : 8.01461e-09
значение высшей гармоники (норма по пространству) :0.00863299
прошедшее время : 170 секунд(ы)

проинтегрирован отрезок = 0.85
выполнено :38.6364%
(максимальная по пространству) локальная ошибка по времени : 8.01461e-09
значение высшей гармоники (норма по пространству) :0.00342603
прошедшее время : 171 секунд(ы)

проинтегрирован отрезок = 0.855
выполнено :38.8636%
(максимальная по пространству) локальная ошибка по времени : 8.01461e-09
значение высшей гармоники (норма по пространству) :0.00199404
прошедшее время : 172 секунд(ы)

проинтегрирован отрезок = 0.86
выполнено :39.0909%
(максимальная по пространству) локальная ошибка по времени : 8.01461e-09
значение высшей гармоники (норма по пространству) :0.00729134
прошедшее время : 173 секунд(ы)

проинтегрирован отрезок = 0.865
выполнено :39.3182%
(максимальная по пространству) локальная ошибка по времени : 8.01461e-09
значение высшей гармоники (норма по пространству) :0.0121375
прошедшее время : 174 секунд(ы)

проинтегрирован отрезок = 0.87
выполнено :39.5455%
(максимальная по пространству) локальная ошибка по времени : 8.01461e-09
значение высшей гармоники (норма по пространству) :0.0162321
прошедшее время : 175 секунд(ы)

проинтегрирован отрезок = 0.875
выполнено :39.7727%
(максимальная по пространству) локальная ошибка по времени : 8.01461e-09
значение высшей гармоники (норма по пространству) :0.0193214
прошедшее время : 176 секунд(ы)

проинтегрирован отрезок = 0.88
выполнено :40%
(максимальная по пространству) локальная ошибка по времени : 8.01461e-09
значение высшей гармоники (норма по пространству) :0.0212138
прошедшее время : 177 секунд(ы)

проинтегрирован отрезок = 0.885
выполнено :40.2273%
(максимальная по пространству) локальная ошибка по времени : 8.01461e-09
значение высшей гармоники (норма по пространству) :0.0217921
прошедшее время : 178 секунд(ы)

проинтегрирован отрезок = 0.89
выполнено :40.4545%
(максимальная по пространству) локальная ошибка по времени : 8.01461e-09
значение высшей гармоники (норма по пространству) :0.0210201
прошедшее время : 179 секунд(ы)

проинтегрирован отрезок = 0.895
выполнено :40.6818%
(максимальная по пространству) локальная ошибка по времени : 8.01461e-09
значение высшей гармоники (норма по пространству) :0.0189457
прошедшее время : 180 секунд(ы)

проинтегрирован отрезок = 0.9
выполнено :40.9091%
(максимальная по пространству) локальная ошибка по времени : 8.01461e-09
значение высшей гармоники (норма по пространству) :0.0156971
прошедшее время : 181 секунд(ы)

проинтегрирован отрезок = 0.905
выполнено :41.1364%
(максимальная по пространству) локальная ошибка по времени : 8.01461e-09
значение высшей гармоники (норма по пространству) :0.0114753
прошедшее время : 182 секунд(ы)

проинтегрирован отрезок = 0.91
выполнено :41.3636%
(максимальная по пространству) локальная ошибка по времени : 8.01461e-09
значение высшей гармоники (норма по пространству) :0.00654183
прошедшее время : 183 секунд(ы)

проинтегрирован отрезок = 0.915
выполнено :41.5909%
(максимальная по пространству) локальная ошибка по времени : 8.01461e-09
значение высшей гармоники (норма по пространству) :0.00120215
прошедшее время : 184 секунд(ы)

проинтегрирован отрезок = 0.92
выполнено :41.8182%
(максимальная по пространству) локальная ошибка по времени : 8.01461e-09
значение высшей гармоники (норма по пространству) :0.00421286
прошедшее время : 185 секунд(ы)

проинтегрирован отрезок = 0.925
выполнено :42.0455%
(максимальная по пространству) локальная ошибка по времени : 8.01461e-09
значение высшей гармоники (норма по пространству) :0.00936759
прошедшее время : 186 секунд(ы)

проинтегрирован отрезок = 0.93
выполнено :42.2727%
(максимальная по пространству) локальная ошибка по времени : 8.01461e-09
значение высшей гармоники (норма по пространству) :0.0139425
прошедшее время : 187 секунд(ы)

проинтегрирован отрезок = 0.935
выполнено :42.5%
(максимальная по пространству) локальная ошибка по времени : 8.01461e-09
значение высшей гармоники (норма по пространству) :0.0176541
прошедшее время : 188 секунд(ы)

проинтегрирован отрезок = 0.94
выполнено :42.7273%
(максимальная по пространству) локальная ошибка по времени : 8.01461e-09
значение высшей гармоники (норма по пространству) :0.0202723
прошедшее время : 189 секунд(ы)

проинтегрирован отрезок = 0.945
выполнено :42.9545%
(максимальная по пространству) локальная ошибка по времени : 8.01461e-09
значение высшей гармоники (норма по пространству) :0.0216348
прошедшее время : 190 секунд(ы)

проинтегрирован отрезок = 0.95
выполнено :43.1818%
(максимальная по пространству) локальная ошибка по времени : 8.01461e-09
значение высшей гармоники (норма по пространству) :0.021657
прошедшее время : 191 секунд(ы)

проинтегрирован отрезок = 0.955
выполнено :43.4091%
(максимальная по пространству) локальная ошибка по времени : 8.01461e-09
значение высшей гармоники (норма по пространству) :0.0203375
прошедшее время : 192 секунд(ы)

проинтегрирован отрезок = 0.96
выполнено :43.6364%
(максимальная по пространству) локальная ошибка по времени : 8.01461e-09
значение высшей гармоники (норма по пространству) :0.0177577
прошедшее время : 193 секунд(ы)

проинтегрирован отрезок = 0.965
выполнено :43.8636%
(максимальная по пространству) локальная ошибка по времени : 8.01461e-09
значение высшей гармоники (норма по пространству) :0.0140774
прошедшее время : 194 секунд(ы)

проинтегрирован отрезок = 0.97
выполнено :44.0909%
(максимальная по пространству) локальная ошибка по времени : 8.01461e-09
значение высшей гармоники (норма по пространству) :0.00952425
прошедшее время : 195 секунд(ы)

проинтегрирован отрезок = 0.975
выполнено :44.3182%
(максимальная по пространству) локальная ошибка по времени : 8.01461e-09
значение высшей гармоники (норма по пространству) :0.00438024
прошедшее время : 196 секунд(ы)

проинтегрирован отрезок = 0.98
выполнено :44.5455%
(максимальная по пространству) локальная ошибка по времени : 8.01461e-09
значение высшей гармоники (норма по пространству) :0.00103599
прошедшее время : 197 секунд(ы)

проинтегрирован отрезок = 0.985
выполнено :44.7727%
(максимальная по пространству) локальная ошибка по времени : 8.01461e-09
значение высшей гармоники (норма по пространству) :0.00638886
прошедшее время : 198 секунд(ы)

проинтегрирован отрезок = 0.99
выполнено :45%
(максимальная по пространству) локальная ошибка по времени : 8.01461e-09
значение высшей гармоники (норма по пространству) :0.0113466
прошедшее время : 199 секунд(ы)

проинтегрирован отрезок = 0.995
выполнено :45.2273%
(максимальная по пространству) локальная ошибка по времени : 8.01461e-09
значение высшей гармоники (норма по пространству) :0.015602
прошедшее время : 200 секунд(ы)

проинтегрирован отрезок = 1
выполнено :45.4545%
(максимальная по пространству) локальная ошибка по времени : 8.01461e-09
значение высшей гармоники (норма по пространству) :0.0188912
прошедшее время : 201 секунд(ы)

проинтегрирован отрезок = 1.005
выполнено :45.6818%
(максимальная по пространству) локальная ошибка по времени : 8.01461e-09
значение высшей гармоники (норма по пространству) :0.0210104
прошедшее время : 202 секунд(ы)

проинтегрирован отрезок = 1.01
выполнено :45.9091%
(максимальная по пространству) локальная ошибка по времени : 8.01461e-09
значение высшей гармоники (норма по пространству) :0.0218283
прошедшее время : 203 секунд(ы)

проинтегрирован отрезок = 1.015
выполнено :46.1364%
(максимальная по пространству) локальная ошибка по времени : 8.01461e-09
значение высшей гармоники (норма по пространству) :0.021294
прошедшее время : 204 секунд(ы)

проинтегрирован отрезок = 1.02
выполнено :46.3636%
(максимальная по пространству) локальная ошибка по времени : 8.01461e-09
значение высшей гармоники (норма по пространству) :0.0194405
прошедшее время : 205 секунд(ы)

проинтегрирован отрезок = 1.025
выполнено :46.5909%
(максимальная по пространству) локальная ошибка по времени : 8.01461e-09
значение высшей гармоники (норма по пространству) :0.0163824
прошедшее время : 206 секунд(ы)

проинтегрирован отрезок = 1.03
выполнено :46.8182%
(максимальная по пространству) локальная ошибка по времени : 8.01461e-09
значение высшей гармоники (норма по пространству) :0.0123088
прошедшее время : 207 секунд(ы)

проинтегрирован отрезок = 1.035
выполнено :47.0455%
(максимальная по пространству) локальная ошибка по времени : 8.01461e-09
значение высшей гармоники (норма по пространству) :0.00747198
прошедшее время : 208 секунд(ы)

проинтегрирован отрезок = 1.04
выполнено :47.2727%
(максимальная по пространству) локальная ошибка по времени : 8.01461e-09
значение высшей гармоники (норма по пространству) :0.00217144
прошедшее время : 209 секунд(ы)

проинтегрирован отрезок = 1.045
выполнено :47.5%
(максимальная по пространству) локальная ошибка по времени : 8.01461e-09
значение высшей гармоники (норма по пространству) :0.00326448
прошедшее время : 210 секунд(ы)

проинтегрирован отрезок = 1.05
выполнено :47.7273%
(максимальная по пространству) локальная ошибка по времени : 8.01461e-09
значение высшей гармоники (норма по пространству) :0.00849893
прошедшее время : 211 секунд(ы)

проинтегрирован отрезок = 1.055
выполнено :47.9545%
(максимальная по пространству) локальная ошибка по времени : 8.01461e-09
значение высшей гармоники (норма по пространству) :0.0132075
прошедшее время : 212 секунд(ы)

проинтегрирован отрезок = 1.06
выполнено :48.1818%
(максимальная по пространству) локальная ошибка по времени : 8.01461e-09
значение высшей гармоники (норма по пространству) :0.0170985
прошедшее время : 213 секунд(ы)

проинтегрирован отрезок = 1.065
выполнено :48.4091%
(максимальная по пространству) локальная ошибка по времени : 8.01461e-09
значение высшей гармоники (норма по пространству) :0.0199307
прошедшее время : 214 секунд(ы)

проинтегрирован отрезок = 1.07
выполнено :48.6364%
(максимальная по пространству) локальная ошибка по времени : 8.01461e-09
значение высшей гармоники (норма по пространству) :0.0215285
прошедшее время : 215 секунд(ы)

проинтегрирован отрезок = 1.075
выполнено :48.8636%
(максимальная по пространству) локальная ошибка по времени : 8.01461e-09
значение высшей гармоники (норма по пространству) :0.0217929
прошедшее время : 216 секунд(ы)

проинтегрирован отрезок = 1.08
выполнено :49.0909%
(максимальная по пространству) локальная ошибка по времени : 8.01461e-09
значение высшей гармоники (норма по пространству) :0.0207075
прошедшее время : 217 секунд(ы)

проинтегрирован отрезок = 1.085
выполнено :49.3182%
(максимальная по пространству) локальная ошибка по времени : 8.01461e-09
значение высшей гармоники (норма по пространству) :0.0183391
прошедшее время : 218 секунд(ы)

проинтегрирован отрезок = 1.09
выполнено :49.5455%
(максимальная по пространству) локальная ошибка по времени : 8.01461e-09
значение высшей гармоники (норма по пространству) :0.0148344
прошедшее время : 219 секунд(ы)

проинтегрирован отрезок = 1.095
выполнено :49.7727%
(максимальная по пространству) локальная ошибка по времени : 8.01461e-09
значение высшей гармоники (норма по пространству) :0.0104101
прошедшее время : 220 секунд(ы)

проинтегрирован отрезок = 1.1
выполнено :50%
(максимальная по пространству) локальная ошибка по времени : 8.01461e-09
значение высшей гармоники (норма по пространству) :0.00534025
прошедшее время : 221 секунд(ы)

проинтегрирован отрезок = 1.105
выполнено :50.2273%
(максимальная по пространству) локальная ошибка по времени : 8.01461e-09
значение высшей гармоники (норма по пространству) :6.12897e-05
прошедшее время : 222 секунд(ы)

проинтегрирован отрезок = 1.11
выполнено :50.4545%
(максимальная по пространству) локальная ошибка по времени : 8.01461e-09
значение высшей гармоники (норма по пространству) :0.00545986
прошедшее время : 223 секунд(ы)

проинтегрирован отрезок = 1.115
выполнено :50.6818%
(максимальная по пространству) локальная ошибка по времени : 8.01461e-09
значение высшей гармоники (норма по пространству) :0.010521
прошедшее время : 224 секунд(ы)

проинтегрирован отрезок = 1.12
выполнено :50.9091%
(максимальная по пространству) локальная ошибка по времени : 8.01461e-09
значение высшей гармоники (норма по пространству) :0.0149309
прошедшее время : 225 секунд(ы)

проинтегрирован отрезок = 1.125
выполнено :51.1364%
(максимальная по пространству) локальная ошибка по времени : 8.01461e-09
значение высшей гармоники (норма по пространству) :0.0184166
прошедшее время : 226 секунд(ы)

проинтегрирован отрезок = 1.13
выполнено :51.3636%
(максимальная по пространству) локальная ошибка по времени : 8.01461e-09
значение высшей гармоники (норма по пространству) :0.0207618
прошедшее время : 227 секунд(ы)

проинтегрирован отрезок = 1.135
выполнено :51.5909%
(максимальная по пространству) локальная ошибка по времени : 8.01461e-09
значение высшей гармоники (норма по пространству) :0.0218213
прошедшее время : 228 секунд(ы)

проинтегрирован отрезок = 1.14
выполнено :51.8182%
(максимальная по пространству) локальная ошибка по времени : 8.01461e-09
значение высшей гармоники (норма по пространству) :0.0215294
прошедшее время : 229 секунд(ы)

проинтегрирован отрезок = 1.145
выполнено :52.0455%
(максимальная по пространству) локальная ошибка по времени : 8.01461e-09
значение высшей гармоники (норма по пространству) :0.019904
прошедшее время : 230 секунд(ы)

проинтегрирован отрезок = 1.15
выполнено :52.2727%
(максимальная по пространству) локальная ошибка по времени : 8.01461e-09
значение высшей гармоники (норма по пространству) :0.0170454
прошедшее время : 231 секунд(ы)

проинтегрирован отрезок = 1.155
выполнено :52.5%
(максимальная по пространству) локальная ошибка по времени : 8.01461e-09
значение высшей гармоники (норма по пространству) :0.0131306
прошедшее время : 232 секунд(ы)

проинтегрирован отрезок = 1.16
выполнено :52.7273%
(максимальная по пространству) локальная ошибка по времени : 8.01461e-09
значение высшей гармоники (норма по пространству) :0.00840186
прошедшее время : 233 секунд(ы)

проинтегрирован отрезок = 1.165
выполнено :52.9545%
(максимальная по пространству) локальная ошибка по времени : 8.01461e-09
значение высшей гармоники (норма по пространству) :0.00315185
прошедшее время : 235 секунд(ы)

проинтегрирован отрезок = 1.17
выполнено :53.1818%
(максимальная по пространству) локальная ошибка по времени : 8.01461e-09
значение высшей гармоники (норма по пространству) :0.00229423
прошедшее время : 235 секунд(ы)

проинтегрирован отрезок = 1.175
выполнено :53.4091%
(максимальная по пространству) локальная ошибка по времени : 8.01461e-09
значение высшей гармоники (норма по пространству) :0.007599
прошедшее время : 237 секунд(ы)

проинтегрирован отрезок = 1.18
выполнено :53.6364%
(максимальная по пространству) локальная ошибка по времени : 8.01461e-09
значение высшей гармоники (норма по пространству) :0.0124338
прошедшее время : 238 секунд(ы)

проинтегрирован отрезок = 1.185
выполнено :53.8636%
(максимальная по пространству) локальная ошибка по времени : 8.01461e-09
значение высшей гармоники (норма по пространству) :0.016499
прошедшее время : 239 секунд(ы)

проинтегрирован отрезок = 1.19
выполнено :54.0909%
(максимальная по пространству) локальная ошибка по времени : 8.01461e-09
значение высшей гармоники (норма по пространству) :0.0195428
прошедшее время : 240 секунд(ы)

проинтегрирован отрезок = 1.195
выполнено :54.3182%
(максимальная по пространству) локальная ошибка по времени : 8.01461e-09
значение высшей гармоники (норма по пространству) :0.0213765
прошедшее время : 241 секунд(ы)

проинтегрирован отрезок = 1.2
выполнено :54.5455%
(максимальная по пространству) локальная ошибка по времени : 8.01461e-09
значение высшей гармоники (норма по пространству) :0.0218865
прошедшее время : 242 секунд(ы)

проинтегрирован отрезок = 1.205
выполнено :54.7727%
(максимальная по пространству) локальная ошибка по времени : 8.01461e-09
значение высшей гармоники (норма по пространству) :0.0210411
прошедшее время : 243 секунд(ы)

проинтегрирован отрезок = 1.21
выполнено :55%
(максимальная по пространству) локальная ошибка по времени : 8.01461e-09
значение высшей гармоники (норма по пространству) :0.0188925
прошедшее время : 244 секунд(ы)

проинтегрирован отрезок = 1.215
выполнено :55.2273%
(максимальная по пространству) локальная ошибка по времени : 8.01461e-09
значение высшей гармоники (норма по пространству) :0.0155735
прошедшее время : 244 секунд(ы)

проинтегрирован отрезок = 1.22
выполнено :55.4545%
(максимальная по пространству) локальная ошибка по времени : 8.01461e-09
значение высшей гармоники (норма по пространству) :0.0112894
прошедшее время : 245 секунд(ы)

проинтегрирован отрезок = 1.225
выполнено :55.6818%
(максимальная по пространству) локальная ошибка по времени : 8.01461e-09
значение высшей гармоники (норма по пространству) :0.00630535
прошедшее время : 247 секунд(ы)

проинтегрирован отрезок = 1.23
выполнено :55.9091%
(максимальная по пространству) локальная ошибка по времени : 8.01461e-09
значение высшей гармоники (норма по пространству) :0.00092995
прошедшее время : 248 секунд(ы)

проинтегрирован отрезок = 1.235
выполнено :56.1364%
(максимальная по пространству) локальная ошибка по времени : 8.01461e-09
значение высшей гармоники (норма по пространству) :0.00450387
прошедшее время : 249 секунд(ы)

проинтегрирован отрезок = 1.24
выполнено :56.3636%
(максимальная по пространству) локальная ошибка по времени : 8.01461e-09
значение высшей гармоники (норма по пространству) :0.00965949
прошедшее время : 250 секунд(ы)

проинтегрирован отрезок = 1.245
выполнено :56.5909%
(максимальная по пространству) локальная ошибка по времени : 8.01461e-09
значение высшей гармоники (норма по пространству) :0.0142175
прошедшее время : 251 секунд(ы)

проинтегрирован отрезок = 1.25
выполнено :56.8182%
(максимальная по пространству) локальная ошибка по времени : 8.01461e-09
значение высшей гармоники (норма по пространству) :0.0178955
прошедшее время : 252 секунд(ы)

проинтегрирован отрезок = 1.255
выполнено :57.0455%
(максимальная по пространству) локальная ошибка по времени : 8.01461e-09
значение высшей гармоники (норма по пространству) :0.0204657
прошедшее время : 253 секунд(ы)

проинтегрирован отрезок = 1.26
выполнено :57.2727%
(максимальная по пространству) локальная ошибка по времени : 8.01461e-09
значение высшей гармоники (норма по пространству) :0.0217688
прошедшее время : 254 секунд(ы)

проинтегрирован отрезок = 1.265
выполнено :57.5%
(максимальная по пространству) локальная ошибка по времени : 8.01461e-09
значение высшей гармоники (норма по пространству) :0.0217239
прошедшее время : 255 секунд(ы)

проинтегрирован отрезок = 1.27
выполнено :57.7273%
(максимальная по пространству) локальная ошибка по времени : 8.01461e-09
значение высшей гармоники (норма по пространству) :0.0203339
прошедшее время : 256 секунд(ы)

проинтегрирован отрезок = 1.275
выполнено :57.9545%
(максимальная по пространству) локальная ошибка по времени : 8.01461e-09
значение высшей гармоники (норма по пространству) :0.0176844
прошедшее время : 257 секунд(ы)

проинтегрирован отрезок = 1.28
выполнено :58.1818%
(максимальная по пространству) локальная ошибка по времени : 8.01461e-09
значение высшей гармоники (норма по пространству) :0.0139394
прошедшее время : 258 секунд(ы)

проинтегрирован отрезок = 1.285
выполнено :58.4091%
(максимальная по пространству) локальная ошибка по времени : 8.01461e-09
значение высшей гармоники (норма по пространству) :0.00933047
прошедшее время : 259 секунд(ы)

проинтегрирован отрезок = 1.29
выполнено :58.6364%
(максимальная по пространству) локальная ошибка по времени : 8.01461e-09
значение высшей гармоники (норма по пространству) :0.00414297
прошедшее время : 260 секунд(ы)

проинтегрирован отрезок = 1.295
выполнено :58.8636%
(максимальная по пространству) локальная ошибка по времени : 8.01461e-09
значение высшей гармоники (норма по пространству) :0.00130192
прошедшее время : 261 секунд(ы)

проинтегрирован отрезок = 1.3
выполнено :59.0909%
(максимальная по пространству) локальная ошибка по времени : 8.01461e-09
значение высшей гармоники (норма по пространству) :0.00666698
прошедшее время : 262 секунд(ы)

проинтегрирован отрезок = 1.305
выполнено :59.3182%
(максимальная по пространству) локальная ошибка по времени : 8.01461e-09
значение высшей гармоники (норма по пространству) :0.0116199
прошедшее время : 263 секунд(ы)

проинтегрирован отрезок = 1.31
выполнено :59.5455%
(максимальная по пространству) локальная ошибка по времени : 8.01461e-09
значение высшей гармоники (норма по пространству) :0.0158538
прошедшее время : 264 секунд(ы)

проинтегрирован отрезок = 1.315
выполнено :59.7727%
(максимальная по пространству) локальная ошибка по времени : 8.01461e-09
значение высшей гармоники (норма по пространству) :0.0191064
прошедшее время : 265 секунд(ы)

проинтегрирован отрезок = 1.32
выполнено :60%
(максимальная по пространству) локальная ошибка по времени : 8.01461e-09
значение высшей гармоники (норма по пространству) :0.0211763
прошедшее время : 266 секунд(ы)

проинтегрирован отрезок = 1.325
выполнено :60.2273%
(максимальная по пространству) локальная ошибка по времени : 8.01461e-09
значение высшей гармоники (норма по пространству) :0.0219352
прошедшее время : 266 секунд(ы)

проинтегрирован отрезок = 1.33
выполнено :60.4545%
(максимальная по пространству) локальная ошибка по времени : 8.01461e-09
значение высшей гармоники (норма по пространству) :0.0213361
прошедшее время : 267 секунд(ы)

проинтегрирован отрезок = 1.335
выполнено :60.6818%
(максимальная по пространству) локальная ошибка по времени : 8.01461e-09
значение высшей гармоники (норма по пространству) :0.0194157
прошедшее время : 268 секунд(ы)

проинтегрирован отрезок = 1.34
выполнено :60.9091%
(максимальная по пространству) локальная ошибка по времени : 8.01461e-09
значение высшей гармоники (норма по пространству) :0.0162929
прошедшее время : 269 секунд(ы)

проинтегрирован отрезок = 1.345
выполнено :61.1364%
(максимальная по пространству) локальная ошибка по времени : 8.01461e-09
значение высшей гармоники (норма по пространству) :0.0121607
прошедшее время : 270 секунд(ы)

проинтегрирован отрезок = 1.35
выполнено :61.3636%
(максимальная по пространству) локальная ошибка по времени : 8.01461e-09
значение высшей гармоники (норма по пространству) :0.00727484
прошедшее время : 271 секунд(ы)

проинтегрирован отрезок = 1.355
выполнено :61.5909%
(максимальная по пространству) локальная ошибка по времени : 8.01461e-09
значение высшей гармоники (норма по пространству) :0.00193768
прошедшее время : 272 секунд(ы)

проинтегрирован отрезок = 1.36
выполнено :61.8182%
(максимальная по пространству) локальная ошибка по времени : 8.01461e-09
значение высшей гармоники (норма по пространству) :0.00352027
прошедшее время : 273 секунд(ы)

проинтегрирован отрезок = 1.365
выполнено :62.0455%
(максимальная по пространству) локальная ошибка по времени : 8.01461e-09
значение высшей гармоники (норма по пространству) :0.008761
прошедшее время : 274 секунд(ы)

проинтегрирован отрезок = 1.37
выполнено :62.2727%
(максимальная по пространству) локальная ошибка по времени : 8.01461e-09
значение высшей гармоники (норма по пространству) :0.0134599
прошедшее время : 276 секунд(ы)

проинтегрирован отрезок = 1.375
выполнено :62.5%
(максимальная по пространству) локальная ошибка по времени : 8.01461e-09
значение высшей гармоники (норма по пространству) :0.0173259
прошедшее время : 276 секунд(ы)

проинтегрирован отрезок = 1.38
выполнено :62.7273%
(максимальная по пространству) локальная ошибка по времени : 8.01461e-09
значение высшей гармоники (норма по пространству) :0.0201196
прошедшее время : 277 секунд(ы)

проинтегрирован отрезок = 1.385
выполнено :62.9545%
(максимальная по пространству) локальная ошибка по времени : 8.01461e-09
значение высшей гармоники (норма по пространству) :0.021668
прошедшее время : 278 секунд(ы)

проинтегрирован отрезок = 1.39
выполнено :63.1818%
(максимальная по пространству) локальная ошибка по времени : 8.01461e-09
значение высшей гармоники (норма по пространству) :0.021875
прошедшее время : 279 секунд(ы)

проинтегрирован отрезок = 1.395
выполнено :63.4091%
(максимальная по пространству) локальная ошибка по времени : 8.01461e-09
значение высшей гармоники (норма по пространству) :0.0207278
прошедшее время : 280 секунд(ы)

проинтегрирован отрезок = 1.4
выполнено :63.6364%
(максимальная по пространству) локальная ошибка по времени : 8.01461e-09
значение высшей гармоники (норма по пространству) :0.0182972
прошедшее время : 281 секунд(ы)

проинтегрирован отрезок = 1.405
выполнено :63.8636%
(максимальная по пространству) локальная ошибка по времени : 8.01461e-09
значение высшей гармоники (норма по пространству) :0.0147334
прошедшее время : 283 секунд(ы)

проинтегрирован отрезок = 1.41
выполнено :64.0909%
(максимальная по пространству) локальная ошибка по времени : 8.01461e-09
значение высшей гармоники (норма по пространству) :0.0102568
прошедшее время : 284 секунд(ы)

проинтегрирован отрезок = 1.415
выполнено :64.3182%
(максимальная по пространству) локальная ошибка по времени : 8.01461e-09
значение высшей гармоники (норма по пространству) :0.00514448
прошедшее время : 285 секунд(ы)

проинтегрирован отрезок = 1.42
выполнено :64.5455%
(максимальная по пространству) локальная ошибка по времени : 8.01461e-09
значение высшей гармоники (норма по пространству) :0.000287196
прошедшее время : 286 секунд(ы)

проинтегрирован отрезок = 1.425
выполнено :64.7727%
(максимальная по пространству) локальная ошибка по времени : 8.01461e-09
значение высшей гармоники (норма по пространству) :0.00570187
прошедшее время : 287 секунд(ы)

проинтегрирован отрезок = 1.43
выполнено :65%
(максимальная по пространству) локальная ошибка по времени : 8.01461e-09
значение высшей гармоники (норма по пространству) :0.0107642
прошедшее время : 288 секунд(ы)

проинтегрирован отрезок = 1.435
выполнено :65.2273%
(максимальная по пространству) локальная ошибка по времени : 8.01461e-09
значение высшей гармоники (норма по пространству) :0.0151607
прошедшее время : 288 секунд(ы)

проинтегрирован отрезок = 1.44
выполнено :65.4545%
(максимальная по пространству) локальная ошибка по времени : 8.01461e-09
значение высшей гармоники (норма по пространству) :0.0186191
прошедшее время : 290 секунд(ы)

проинтегрирован отрезок = 1.445
выполнено :65.6818%
(максимальная по пространству) локальная ошибка по времени : 8.01461e-09
значение высшей гармоники (норма по пространству) :0.0209253
прошедшее время : 291 секунд(ы)

проинтегрирован отрезок = 1.45
выполнено :65.9091%
(максимальная по пространству) локальная ошибка по времени : 8.01461e-09
значение высшей гармоники (норма по пространству) :0.0219364
прошедшее время : 292 секунд(ы)

проинтегрирован отрезок = 1.455
выполнено :66.1364%
(максимальная по пространству) локальная ошибка по времени : 8.01461e-09
значение высшей гармоники (норма по пространству) :0.0215897
прошедшее время : 293 секунд(ы)

проинтегрирован отрезок = 1.46
выполнено :66.3636%
(максимальная по пространству) локальная ошибка по времени : 8.01461e-09
значение высшей гармоники (норма по пространству) :0.0199065
прошедшее время : 294 секунд(ы)

проинтегрирован отрезок = 1.465
выполнено :66.5909%
(максимальная по пространству) локальная ошибка по времени : 8.01461e-09
значение высшей гармоники (норма по пространству) :0.0169908
прошедшее время : 295 секунд(ы)

проинтегрирован отрезок = 1.47
выполнено :66.8182%
(максимальная по пространству) локальная ошибка по времени : 8.01461e-09
значение высшей гармоники (норма по пространству) :0.0130229
прошедшее время : 296 секунд(ы)

проинтегрирован отрезок = 1.475
выполнено :67.0455%
(максимальная по пространству) локальная ошибка по времени : 8.01461e-09
значение высшей гармоники (норма по пространству) :0.00824815
прошедшее время : 297 секунд(ы)

проинтегрирован отрезок = 1.48
выполнено :67.2727%
(максимальная по пространству) локальная ошибка по времени : 8.01461e-09
значение высшей гармоники (норма по пространству) :0.00296202
прошедшее время : 298 секунд(ы)

проинтегрирован отрезок = 1.485
выполнено :67.5%
(максимальная по пространству) локальная ошибка по времени : 8.01461e-09
значение высшей гармоники (норма по пространству) :0.00250826
прошедшее время : 299 секунд(ы)

проинтегрирован отрезок = 1.49
выполнено :67.7273%
(максимальная по пространству) локальная ошибка по времени : 8.01461e-09
значение высшей гармоники (норма по пространству) :0.007824
прошедшее время : 300 секунд(ы)

проинтегрирован отрезок = 1.495
выполнено :67.9545%
(максимальная по пространству) локальная ошибка по времени : 8.01461e-09
значение высшей гармоники (норма по пространству) :0.012656
прошедшее время : 301 секунд(ы)

проинтегрирован отрезок = 1.5
выполнено :68.1818%
(максимальная по пространству) локальная ошибка по времени : 8.01461e-09
значение высшей гармоники (норма по пространству) :0.0167052
прошедшее время : 302 секунд(ы)

проинтегрирован отрезок = 1.505
выполнено :68.4091%
(максимальная по пространству) локальная ошибка по времени : 8.01461e-09
значение высшей гармоники (норма по пространству) :0.0197208
прошедшее время : 303 секунд(ы)

проинтегрирован отрезок = 1.51
выполнено :68.6364%
(максимальная по пространству) локальная ошибка по времени : 8.01461e-09
значение высшей гармоники (норма по пространству) :0.021516
прошедшее время : 304 секунд(ы)

проинтегрирован отрезок = 1.515
выполнено :68.8636%
(максимальная по пространству) локальная ошибка по времени : 8.01461e-09
значение высшей гармоники (норма по пространству) :0.0219798
прошедшее время : 305 секунд(ы)

проинтегрирован отрезок = 1.52
выполнено :69.0909%
(максимальная по пространству) локальная ошибка по времени : 8.01461e-09
значение высшей гармоники (норма по пространству) :0.0210833
прошедшее время : 306 секунд(ы)

проинтегрирован отрезок = 1.525
выполнено :69.3182%
(максимальная по пространству) локальная ошибка по времени : 8.01461e-09
значение высшей гармоники (норма по пространству) :0.0188817
прошедшее время : 307 секунд(ы)

проинтегрирован отрезок = 1.53
выполнено :69.5455%
(максимальная по пространству) локальная ошибка по времени : 8.01461e-09
значение высшей гармоники (норма по пространству) :0.0155112
прошедшее время : 308 секунд(ы)

проинтегрирован отрезок = 1.535
выполнено :69.7727%
(максимальная по пространству) локальная ошибка по времени : 8.01461e-09
значение высшей гармоники (норма по пространству) :0.01118
прошедшее время : 309 секунд(ы)

проинтегрирован отрезок = 1.54
выполнено :70%
(максимальная по пространству) локальная ошибка по времени : 8.01461e-09
значение высшей гармоники (норма по пространству) :0.00615621
прошедшее время : 310 секунд(ы)

проинтегрирован отрезок = 1.545
выполнено :70.2273%
(максимальная по пространству) локальная ошибка по времени : 8.01461e-09
значение высшей гармоники (норма по пространству) :0.000750564
прошедшее время : 311 секунд(ы)

проинтегрирован отрезок = 1.55
выполнено :70.4545%
(максимальная по пространству) локальная ошибка по времени : 8.01461e-09
значение высшей гармоники (норма по пространству) :0.0047023
прошедшее время : 312 секунд(ы)

проинтегрирован отрезок = 1.555
выполнено :70.6818%
(максимальная по пространству) локальная ошибка по времени : 8.01461e-09
значение высшей гармоники (норма по пространству) :0.00986479
прошедшее время : 313 секунд(ы)

проинтегрирован отрезок = 1.56
выполнено :70.9091%
(максимальная по пространству) локальная ошибка по времени : 8.01461e-09
значение высшей гармоники (норма по пространству) :0.0144173
прошедшее время : 314 секунд(ы)

проинтегрирован отрезок = 1.565
выполнено :71.1364%
(максимальная по пространству) локальная ошибка по времени : 8.01461e-09
значение высшей гармоники (норма по пространству) :0.018078
прошедшее время : 315 секунд(ы)

проинтегрирован отрезок = 1.57
выполнено :71.3636%
(максимальная по пространству) локальная ошибка по времени : 8.01461e-09
значение высшей гармоники (норма по пространству) :0.0206203
прошедшее время : 316 секунд(ы)

проинтегрирован отрезок = 1.575
выполнено :71.5909%
(максимальная по пространству) локальная ошибка по времени : 8.01461e-09
значение высшей гармоники (норма по пространству) :0.0218868
прошедшее время : 317 секунд(ы)

проинтегрирован отрезок = 1.58
выполнено :71.8182%
(максимальная по пространству) локальная ошибка по времени : 8.01461e-09
значение высшей гармоники (норма по пространству) :0.021799
прошедшее время : 318 секунд(ы)

проинтегрирован отрезок = 1.585
выполнено :72.0455%
(максимальная по пространству) локальная ошибка по времени : 8.01461e-09
значение высшей гармоники (норма по пространству) :0.0203623
прошедшее время : 319 секунд(ы)

проинтегрирован отрезок = 1.59
выполнено :72.2727%
(максимальная по пространству) локальная ошибка по времени : 8.01461e-09
значение высшей гармоники (норма по пространству) :0.0176653
прошедшее время : 320 секунд(ы)

проинтегрирован отрезок = 1.595
выполнено :72.5%
(максимальная по пространству) локальная ошибка по времени : 8.01461e-09
значение высшей гармоники (норма по пространству) :0.0138746
прошедшее время : 321 секунд(ы)

проинтегрирован отрезок = 1.6
выполнено :72.7273%
(максимальная по пространству) локальная ошибка по времени : 8.01461e-09
значение высшей гармоники (норма по пространству) :0.00922479
прошедшее время : 322 секунд(ы)

проинтегрирован отрезок = 1.605
выполнено :72.9545%
(максимальная по пространству) локальная ошибка по времени : 8.01461e-09
значение высшей гармоники (норма по пространству) :0.00400333
прошедшее время : 323 секунд(ы)

проинтегрирован отрезок = 1.61
выполнено :73.1818%
(максимальная по пространству) локальная ошибка по времени : 8.01461e-09
значение высшей гармоники (норма по пространству) :0.00146664
прошедшее время : 324 секунд(ы)

проинтегрирован отрезок = 1.615
выполнено :73.4091%
(максимальная по пространству) локальная ошибка по времени : 8.01461e-09
значение высшей гармоники (норма по пространству) :0.00684656
прошедшее время : 325 секунд(ы)

проинтегрирован отрезок = 1.62
выполнено :73.6364%
(максимальная по пространству) локальная ошибка по времени : 8.01461e-09
значение высшей гармоники (норма по пространству) :0.0118034
прошедшее время : 326 секунд(ы)

проинтегрирован отрезок = 1.625
выполнено :73.8636%
(максимальная по пространству) локальная ошибка по времени : 8.01461e-09
значение высшей гармоники (норма по пространству) :0.0160304
прошедшее время : 327 секунд(ы)

проинтегрирован отрезок = 1.63
выполнено :74.0909%
(максимальная по пространству) локальная ошибка по времени : 8.01461e-09
значение высшей гармоники (норма по пространству) :0.0192658
прошедшее время : 328 секунд(ы)

проинтегрирован отрезок = 1.635
выполнено :74.3182%
(максимальная по пространству) локальная ошибка по времени : 8.01461e-09
значение высшей гармоники (норма по пространству) :0.0213095
прошедшее время : 329 секунд(ы)

проинтегрирован отрезок = 1.64
выполнено :74.5455%
(максимальная по пространству) локальная ошибка по времени : 8.01461e-09
значение высшей гармоники (норма по пространству) :0.022035
прошедшее время : 330 секунд(ы)

проинтегрирован отрезок = 1.645
выполнено :74.7727%
(максимальная по пространству) локальная ошибка по времени : 8.01461e-09
значение высшей гармоники (норма по пространству) :0.0213972
прошедшее время : 331 секунд(ы)

проинтегрирован отрезок = 1.65
выполнено :75%
(максимальная по пространству) локальная ошибка по времени : 8.01461e-09
значение высшей гармоники (норма по пространству) :0.0194355
прошедшее время : 332 секунд(ы)

проинтегрирован отрезок = 1.655
выполнено :75.2273%
(максимальная по пространству) локальная ошибка по времени : 8.01461e-09
значение высшей гармоники (норма по пространству) :0.016271
прошедшее время : 333 секунд(ы)

проинтегрирован отрезок = 1.66
выполнено :75.4545%
(максимальная по пространству) локальная ошибка по времени : 8.01461e-09
значение высшей гармоники (норма по пространству) :0.0120993
прошедшее время : 334 секунд(ы)

проинтегрирован отрезок = 1.665
выполнено :75.6818%
(максимальная по пространству) локальная ошибка по времени : 8.01461e-09
значение высшей гармоники (норма по пространству) :0.00717823
прошедшее время : 335 секунд(ы)

проинтегрирован отрезок = 1.67
выполнено :75.9091%
(максимальная по пространству) локальная ошибка по времени : 8.01461e-09
значение высшей гармоники (норма по пространству) :0.00181232
прошедшее время : 336 секунд(ы)

проинтегрирован отрезок = 1.675
выполнено :76.1364%
(максимальная по пространству) локальная ошибка по времени : 8.01461e-09
значение высшей гармоники (норма по пространству) :0.00366645
прошедшее время : 337 секунд(ы)

проинтегрирован отрезок = 1.68
выполнено :76.3636%
(максимальная по пространству) локальная ошибка по времени : 8.01461e-09
значение высшей гармоники (норма по пространству) :0.00891903
прошедшее время : 338 секунд(ы)

проинтегрирован отрезок = 1.685
выполнено :76.5909%
(максимальная по пространству) локальная ошибка по времени : 8.01461e-09
значение высшей гармоники (норма по пространству) :0.0136203
прошедшее время : 339 секунд(ы)

проинтегрирован отрезок = 1.69
выполнено :76.8182%
(максимальная по пространству) локальная ошибка по времени : 8.01461e-09
значение высшей гармоники (норма по пространству) :0.0174794
прошедшее время : 340 секунд(ы)

проинтегрирован отрезок = 1.695
выполнено :77.0455%
(максимальная по пространству) локальная ошибка по времени : 8.01461e-09
значение высшей гармоники (норма по пространству) :0.0202575
прошедшее время : 341 секунд(ы)

проинтегрирован отрезок = 1.7
выполнено :77.2727%
(максимальная по пространству) локальная ошибка по времени : 8.01461e-09
значение высшей гармоники (норма по пространству) :0.0217828
прошедшее время : 342 секунд(ы)

проинтегрирован отрезок = 1.705
выполнено :77.5%
(максимальная по пространству) локальная ошибка по времени : 8.01461e-09
значение высшей гармоники (норма по пространству) :0.0219607
прошедшее время : 343 секунд(ы)

проинтегрирован отрезок = 1.71
выполнено :77.7273%
(максимальная по пространству) локальная ошибка по времени : 8.01461e-09
значение высшей гармоники (норма по пространству) :0.0207802
прошедшее время : 344 секунд(ы)

проинтегрирован отрезок = 1.715
выполнено :77.9545%
(максимальная по пространству) локальная ошибка по времени : 8.01461e-09
значение высшей гармоники (норма по пространству) :0.0183141
прошедшее время : 345 секунд(ы)

проинтегрирован отрезок = 1.72
выполнено :78.1818%
(максимальная по пространству) локальная ошибка по времени : 8.01461e-09
значение высшей гармоники (норма по пространству) :0.0147147
прошедшее время : 346 секунд(ы)

проинтегрирован отрезок = 1.725
выполнено :78.4091%
(максимальная по пространству) локальная ошибка по времени : 8.01461e-09
значение высшей гармоники (норма по пространству) :0.0102045
прошедшее время : 347 секунд(ы)

проинтегрирован отрезок = 1.73
выполнено :78.6364%
(максимальная по пространству) локальная ошибка по времени : 8.01461e-09
значение высшей гармоники (норма по пространству) :0.00506231
прошедшее время : 348 секунд(ы)

проинтегрирован отрезок = 1.735
выполнено :78.8636%
(максимальная по пространству) локальная ошибка по времени : 8.01461e-09
значение высшей гармоники (норма по пространству) :0.000393738
прошедшее время : 349 секунд(ы)

проинтегрирован отрезок = 1.74
выполнено :79.0909%
(максимальная по пространству) локальная ошибка по времени : 8.01461e-09
значение высшей гармоники (норма по пространству) :0.00582611
прошедшее время : 350 секунд(ы)

проинтегрирован отрезок = 1.745
выполнено :79.3182%
(максимальная по пространству) локальная ошибка по времени : 8.01461e-09
значение высшей гармоники (норма по пространству) :0.0108987
прошедшее время : 351 секунд(ы)

проинтегрирован отрезок = 1.75
выполнено :79.5455%
(максимальная по пространству) локальная ошибка по времени : 8.01461e-09
значение высшей гармоники (норма по пространству) :0.0152976
прошедшее время : 352 секунд(ы)

проинтегрирован отрезок = 1.755
выполнено :79.7727%
(максимальная по пространству) локальная ошибка по времени : 8.01461e-09
значение высшей гармоники (норма по пространству) :0.0187507
прошедшее время : 353 секунд(ы)

проинтегрирован отрезок = 1.76
выполнено :80%
(максимальная по пространству) локальная ошибка по времени : 8.01461e-09
значение высшей гармоники (норма по пространству) :0.0210443
прошедшее время : 354 секунд(ы)

проинтегрирован отрезок = 1.765
выполнено :80.2273%
(максимальная по пространству) локальная ошибка по времени : 8.01461e-09
значение высшей гармоники (норма по пространству) :0.0220367
прошедшее время : 355 секунд(ы)

проинтегрирован отрезок = 1.77
выполнено :80.4545%
(максимальная по пространству) локальная ошибка по времени : 8.01461e-09
значение высшей гармоники (норма по пространству) :0.0216663
прошедшее время : 356 секунд(ы)

проинтегрирован отрезок = 1.775
выполнено :80.6818%
(максимальная по пространству) локальная ошибка по времени : 8.01461e-09
значение высшей гармоники (норма по пространству) :0.0199559
прошедшее время : 357 секунд(ы)

проинтегрирован отрезок = 1.78
выполнено :80.9091%
(максимальная по пространству) локальная ошибка по времени : 8.01461e-09
значение высшей гармоники (норма по пространству) :0.0170111
прошедшее время : 358 секунд(ы)

проинтегрирован отрезок = 1.785
выполнено :81.1364%
(максимальная по пространству) локальная ошибка по времени : 8.01461e-09
значение высшей гармоники (норма по пространству) :0.0130137
прошедшее время : 359 секунд(ы)

проинтегрирован отрезок = 1.79
выполнено :81.3636%
(максимальная по пространству) локальная ошибка по времени : 8.01461e-09
значение высшей гармоники (норма по пространству) :0.00821091
прошедшее время : 360 секунд(ы)

проинтегрирован отрезок = 1.795
выполнено :81.5909%
(максимальная по пространству) локальная ошибка по времени : 8.01461e-09
значение высшей гармоники (норма по пространству) :0.00289956
прошедшее время : 361 секунд(ы)

проинтегрирован отрезок = 1.8
выполнено :81.8182%
(максимальная по пространству) локальная ошибка по времени : 8.01461e-09
значение высшей гармоники (норма по пространству) :0.00259182
прошедшее время : 362 секунд(ы)

проинтегрирован отрезок = 1.805
выполнено :82.0455%
(максимальная по пространству) локальная ошибка по времени : 8.01461e-09
значение высшей гармоники (норма по пространству) :0.00792352
прошедшее время : 363 секунд(ы)

проинтегрирован отрезок = 1.81
выполнено :82.2727%
(максимальная по пространству) локальная ошибка по времени : 8.01461e-09
значение высшей гармоники (норма по пространству) :0.0127657
прошедшее время : 364 секунд(ы)

проинтегрирован отрезок = 1.815
выполнено :82.5%
(максимальная по пространству) локальная ошибка по времени : 8.01461e-09
значение высшей гармоники (норма по пространству) :0.0168189
прошедшее время : 365 секунд(ы)

проинтегрирован отрезок = 1.82
выполнено :82.7273%
(максимальная по пространству) локальная ошибка по времени : 8.01461e-09
значение высшей гармоники (норма по пространству) :0.0198324
прошедшее время : 366 секунд(ы)

проинтегрирован отрезок = 1.825
выполнено :82.9545%
(максимальная по пространству) локальная ошибка по времени : 8.01461e-09
значение высшей гармоники (норма по пространству) :0.0216198
прошедшее время : 367 секунд(ы)

проинтегрирован отрезок = 1.83
выполнено :83.1818%
(максимальная по пространству) локальная ошибка по времени : 8.01461e-09
значение высшей гармоники (норма по пространству) :0.0220706
прошедшее время : 368 секунд(ы)

проинтегрирован отрезок = 1.835
выполнено :83.4091%
(максимальная по пространству) локальная ошибка по времени : 8.01461e-09
значение высшей гармоники (норма по пространству) :0.0211569
прошедшее время : 369 секунд(ы)

проинтегрирован отрезок = 1.84
выполнено :83.6364%
(максимальная по пространству) локальная ошибка по времени : 8.01461e-09
значение высшей гармоники (норма по пространству) :0.0189349
прошедшее время : 370 секунд(ы)

проинтегрирован отрезок = 1.845
выполнено :83.8636%
(максимальная по пространству) локальная ошибка по времени : 8.01461e-09
значение высшей гармоники (норма по пространству) :0.0155417
прошедшее время : 371 секунд(ы)

проинтегрирован отрезок = 1.85
выполнено :84.0909%
(максимальная по пространству) локальная ошибка по времени : 8.01461e-09
значение высшей гармоники (норма по пространству) :0.0111871
прошедшее время : 372 секунд(ы)

проинтегрирован отрезок = 1.855
выполнено :84.3182%
(максимальная по пространству) локальная ошибка по времени : 8.01461e-09
значение высшей гармоники (норма по пространству) :0.00614016
прошедшее время : 373 секунд(ы)

проинтегрирован отрезок = 1.86
выполнено :84.5455%
(максимальная по пространству) локальная ошибка по времени : 8.01461e-09
значение высшей гармоники (норма по пространству) :0.000712839
прошедшее время : 374 секунд(ы)

проинтегрирован отрезок = 1.865
выполнено :84.7727%
(максимальная по пространству) локальная ошибка по времени : 8.01461e-09
значение высшей гармоники (норма по пространству) :0.00475919
прошедшее время : 375 секунд(ы)

проинтегрирован отрезок = 1.87
выполнено :85%
(максимальная по пространству) локальная ошибка по времени : 8.01461e-09
значение высшей гармоники (норма по пространству) :0.00993752
прошедшее время : 376 секунд(ы)

проинтегрирован отрезок = 1.875
выполнено :85.2273%
(максимальная по пространству) локальная ошибка по времени : 8.01461e-09
значение высшей гармоники (норма по пространству) :0.0145019
прошедшее время : 377 секунд(ы)

проинтегрирован отрезок = 1.88
выполнено :85.4545%
(максимальная по пространству) локальная ошибка по времени : 8.01461e-09
значение высшей гармоники (норма по пространству) :0.01817
прошедшее время : 378 секунд(ы)

проинтегрирован отрезок = 1.885
выполнено :85.6818%
(максимальная по пространству) локальная ошибка по времени : 8.01461e-09
значение высшей гармоники (норма по пространству) :0.0207152
прошедшее время : 379 секунд(ы)

проинтегрирован отрезок = 1.89
выполнено :85.9091%
(максимальная по пространству) локальная ошибка по времени : 8.01461e-09
значение высшей гармоники (норма по пространству) :0.0219801
прошедшее время : 380 секунд(ы)

проинтегрирован отрезок = 1.895
выполнено :86.1364%
(максимальная по пространству) локальная ошибка по времени : 8.01461e-09
значение высшей гармоники (норма по пространству) :0.0218864
прошедшее время : 381 секунд(ы)

проинтегрирован отрезок = 1.9
выполнено :86.3636%
(максимальная по пространству) локальная ошибка по времени : 8.01461e-09
значение высшей гармоники (норма по пространству) :0.0204398
прошедшее время : 383 секунд(ы)

проинтегрирован отрезок = 1.905
выполнено :86.5909%
(максимальная по пространству) локальная ошибка по времени : 8.01461e-09
значение высшей гармоники (норма по пространству) :0.0177295
прошедшее время : 384 секунд(ы)

проинтегрирован отрезок = 1.91
выполнено :86.8182%
(максимальная по пространству) локальная ошибка по времени : 8.01461e-09
значение высшей гармоники (норма по пространству) :0.0139229
прошедшее время : 385 секунд(ы)

проинтегрирован отрезок = 1.915
выполнено :87.0455%
(максимальная по пространству) локальная ошибка по времени : 8.01461e-09
значение высшей гармоники (норма по пространству) :0.00925505
прошедшее время : 386 секунд(ы)

проинтегрирован отрезок = 1.92
выполнено :87.2727%
(максимальная по пространству) локальная ошибка по времени : 8.01461e-09
значение высшей гармоники (норма по пространству) :0.00401446
прошедшее время : 387 секунд(ы)

проинтегрирован отрезок = 1.925
выполнено :87.5%
(максимальная по пространству) локальная ошибка по времени : 8.01461e-09
значение высшей гармоники (норма по пространству) :0.00147493
прошедшее время : 388 секунд(ы)

проинтегрирован отрезок = 1.93
выполнено :87.7273%
(максимальная по пространству) локальная ошибка по времени : 8.01461e-09
значение высшей гармоники (норма по пространству) :0.00687372
прошедшее время : 389 секунд(ы)

проинтегрирован отрезок = 1.935
выполнено :87.9545%
(максимальная по пространству) локальная ошибка по времени : 8.01461e-09
значение высшей гармоники (норма по пространству) :0.0118481
прошедшее время : 390 секунд(ы)

проинтегрирован отрезок = 1.94
выполнено :88.1818%
(максимальная по пространству) локальная ошибка по времени : 8.01461e-09
значение высшей гармоники (норма по пространству) :0.0160906
прошедшее время : 391 секунд(ы)

проинтегрирован отрезок = 1.945
выполнено :88.4091%
(максимальная по пространству) локальная ошибка по времени : 8.01461e-09
значение высшей гармоники (норма по пространству) :0.0193389
прошедшее время : 392 секунд(ы)

проинтегрирован отрезок = 1.95
выполнено :88.6364%
(максимальная по пространству) локальная ошибка по времени : 8.01461e-09
значение высшей гармоники (норма по пространству) :0.0213923
прошедшее время : 393 секунд(ы)

проинтегрирован отрезок = 1.955
выполнено :88.8636%
(максимальная по пространству) локальная ошибка по времени : 8.01461e-09
значение высшей гармоники (норма по пространству) :0.0221238
прошедшее время : 394 секунд(ы)

проинтегрирован отрезок = 1.96
выполнено :89.0909%
(максимальная по пространству) локальная ошибка по времени : 8.01461e-09
значение высшей гармоники (норма по пространству) :0.0214883
прошедшее время : 395 секунд(ы)

проинтегрирован отрезок = 1.965
выполнено :89.3182%
(максимальная по пространству) локальная ошибка по времени : 8.01461e-09
значение высшей гармоники (норма по пространству) :0.0195248
прошедшее время : 396 секунд(ы)

проинтегрирован отрезок = 1.97
выполнено :89.5455%
(максимальная по пространству) локальная ошибка по времени : 8.01461e-09
значение высшей гармоники (норма по пространству) :0.0163545
прошедшее время : 397 секунд(ы)

проинтегрирован отрезок = 1.975
выполнено :89.7727%
(максимальная по пространству) локальная ошибка по времени : 8.01461e-09
значение высшей гармоники (норма по пространству) :0.012173
прошедшее время : 398 секунд(ы)

проинтегрирован отрезок = 1.98
выполнено :90%
(максимальная по пространству) локальная ошибка по времени : 8.01461e-09
значение высшей гармоники (норма по пространству) :0.00723875
прошедшее время : 399 секунд(ы)

проинтегрирован отрезок = 1.985
выполнено :90.2273%
(максимальная по пространству) локальная ошибка по времени : 8.01461e-09
значение высшей гармоники (норма по пространству) :0.00185649
прошедшее время : 400 секунд(ы)

проинтегрирован отрезок = 1.99
выполнено :90.4545%
(максимальная по пространству) локальная ошибка по времени : 8.01461e-09
значение высшей гармоники (норма по пространству) :0.00364107
прошедшее время : 401 секунд(ы)

проинтегрирован отрезок = 1.995
выполнено :90.6818%
(максимальная по пространству) локальная ошибка по времени : 8.01461e-09
значение высшей гармоники (норма по пространству) :0.00891414
прошедшее время : 402 секунд(ы)

проинтегрирован отрезок = 2
выполнено :90.9091%
(максимальная по пространству) локальная ошибка по времени : 8.01461e-09
значение высшей гармоники (норма по пространству) :0.0136368
прошедшее время : 403 секунд(ы)

проинтегрирован отрезок = 2.005
выполнено :91.1364%
(максимальная по пространству) локальная ошибка по времени : 8.01461e-09
значение высшей гармоники (норма по пространству) :0.0175172
прошедшее время : 404 секунд(ы)

проинтегрирован отрезок = 2.01
выполнено :91.3636%
(максимальная по пространству) локальная ошибка по времени : 8.01461e-09
значение высшей гармоники (норма по пространству) :0.0203155
прошедшее время : 405 секунд(ы)

проинтегрирован отрезок = 2.015
выполнено :91.5909%
(максимальная по пространству) локальная ошибка по времени : 8.01461e-09
значение высшей гармоники (норма по пространству) :0.0218591
прошедшее время : 406 секунд(ы)

проинтегрирован отрезок = 2.02
выполнено :91.8182%
(максимальная по пространству) локальная ошибка по времени : 8.01461e-09
значение высшей гармоники (норма по пространству) :0.0220523
прошедшее время : 407 секунд(ы)

проинтегрирован отрезок = 2.025
выполнено :92.0455%
(максимальная по пространству) локальная ошибка по времени : 8.01461e-09
значение высшей гармоники (норма по пространству) :0.0208833
прошедшее время : 408 секунд(ы)

проинтегрирован отрезок = 2.03
выполнено :92.2727%
(максимальная по пространству) локальная ошибка по времени : 8.01461e-09
значение высшей гармоники (норма по пространству) :0.018424
прошедшее время : 409 секунд(ы)

проинтегрирован отрезок = 2.035
выполнено :92.5%
(максимальная по пространству) локальная ошибка по времени : 8.01461e-09
значение высшей гармоники (норма по пространству) :0.0148262
прошедшее время : 410 секунд(ы)

проинтегрирован отрезок = 2.04
выполнено :92.7273%
(максимальная по пространству) локальная ошибка по времени : 8.01461e-09
значение высшей гармоники (норма по пространству) :0.0103121
прошедшее время : 411 секунд(ы)

проинтегрирован отрезок = 2.045
выполнено :92.9545%
(максимальная по пространству) локальная ошибка по времени : 8.01461e-09
значение высшей гармоники (норма по пространству) :0.00516025
прошедшее время : 412 секунд(ы)

проинтегрирован отрезок = 2.05
выполнено :93.1818%
(максимальная по пространству) локальная ошибка по времени : 8.01461e-09
значение высшей гармоники (норма по пространству) :0.000310925
прошедшее время : 413 секунд(ы)

проинтегрирован отрезок = 2.055
выполнено :93.4091%
(максимальная по пространству) локальная ошибка по времени : 8.01461e-09
значение высшей гармоники (норма по пространству) :0.00576341
прошедшее время : 414 секунд(ы)

проинтегрирован отрезок = 2.06
выполнено :93.6364%
(максимальная по пространству) локальная ошибка по времени : 8.01461e-09
значение высшей гармоники (норма по пространству) :0.0108603
прошедшее время : 415 секунд(ы)

проинтегрирован отрезок = 2.065
выполнено :93.8636%
(максимальная по пространству) локальная ошибка по времени : 8.01461e-09
значение высшей гармоники (норма по пространству) :0.0152867
прошедшее время : 416 секунд(ы)

проинтегрирован отрезок = 2.07
выполнено :94.0909%
(максимальная по пространству) локальная ошибка по времени : 8.01461e-09
значение высшей гармоники (норма по пространству) :0.0187692
прошедшее время : 417 секунд(ы)

проинтегрирован отрезок = 2.075
выполнено :94.3182%
(максимальная по пространству) локальная ошибка по времени : 8.01461e-09
значение высшей гармоники (норма по пространству) :0.0210927
прошедшее время : 418 секунд(ы)

проинтегрирован отрезок = 2.08
выполнено :94.5455%
(максимальная по пространству) локальная ошибка по времени : 8.01461e-09
значение высшей гармоники (норма по пространству) :0.0221138
прошедшее время : 419 секунд(ы)

проинтегрирован отрезок = 2.085
выполнено :94.7727%
(максимальная по пространству) локальная ошибка по времени : 8.01461e-09
значение высшей гармоники (норма по пространству) :0.0217694
прошедшее время : 420 секунд(ы)

проинтегрирован отрезок = 2.09
выполнено :95%
(максимальная по пространству) локальная ошибка по времени : 8.01461e-09
значение высшей гармоники (норма по пространству) :0.0200806
прошедшее время : 421 секунд(ы)

проинтегрирован отрезок = 2.095
выполнено :95.2273%
(максимальная по пространству) локальная ошибка по времени : 8.01461e-09
значение высшей гармоники (норма по пространству) :0.0171516
прошедшее время : 422 секунд(ы)

проинтегрирован отрезок = 2.1
выполнено :95.4545%
(максимальная по пространству) локальная ошибка по времени : 8.01461e-09
значение высшей гармоники (норма по пространству) :0.013163
прошедшее время : 423 секунд(ы)

проинтегрирован отрезок = 2.105
выполнено :95.6818%
(максимальная по пространству) локальная ошибка по времени : 8.01461e-09
значение высшей гармоники (норма по пространству) :0.00836097
прошедшее время : 424 секунд(ы)

проинтегрирован отрезок = 2.11
выполнено :95.9091%
(максимальная по пространству) локальная ошибка по времени : 8.01461e-09
значение высшей гармоники (норма по пространству) :0.00304211
прошедшее время : 425 секунд(ы)

проинтегрирован отрезок = 2.115
выполнено :96.1364%
(максимальная по пространству) локальная ошибка по времени : 8.01461e-09
значение высшей гармоники (норма по пространству) :0.00246512
прошедшее время : 426 секунд(ы)

проинтегрирован отрезок = 2.12
выполнено :96.3636%
(максимальная по пространству) локальная ошибка по времени : 8.01461e-09
значение высшей гармоники (норма по пространству) :0.00782057
прошедшее время : 427 секунд(ы)

проинтегрирован отрезок = 2.125
выполнено :96.5909%
(максимальная по пространству) локальная ошибка по времени : 8.01461e-09
значение высшей гармоники (норма по пространству) :0.0126934
прошедшее время : 428 секунд(ы)

проинтегрирован отрезок = 2.13
выполнено :96.8182%
(максимальная по пространству) локальная ошибка по времени : 8.01461e-09
значение высшей гармоники (норма по пространству) :0.0167829
прошедшее время : 429 секунд(ы)

проинтегрирован отрезок = 2.135
выполнено :97.0455%
(максимальная по пространству) локальная ошибка по времени : 8.01461e-09
значение высшей гармоники (норма по пространству) :0.0198364
прошедшее время : 430 секунд(ы)

проинтегрирован отрезок = 2.14
выполнено :97.2727%
(максимальная по пространству) локальная ошибка по времени : 8.01461e-09
значение высшей гармоники (норма по пространству) :0.0216655
прошедшее время : 431 секунд(ы)

проинтегрирован отрезок = 2.145
выполнено :97.5%
(максимальная по пространству) локальная ошибка по времени : 8.01461e-09
значение высшей гармоники (норма по пространству) :0.0221574
прошедшее время : 432 секунд(ы)

проинтегрирован отрезок = 2.15
выполнено :97.7273%
(максимальная по пространству) локальная ошибка по времени : 8.01461e-09
значение высшей гармоники (норма по пространству) :0.0212816
прошедшее время : 433 секунд(ы)

проинтегрирован отрезок = 2.155
выполнено :97.9545%
(максимальная по пространству) локальная ошибка по времени : 8.01461e-09
значение высшей гармоники (норма по пространству) :0.019092
прошедшее время : 434 секунд(ы)

проинтегрирован отрезок = 2.16
выполнено :98.1818%
(максимальная по пространству) локальная ошибка по времени : 8.01461e-09
значение высшей гармоники (норма по пространству) :0.0157236
прошедшее время : 435 секунд(ы)

проинтегрирован отрезок = 2.165
выполнено :98.4091%
(максимальная по пространству) локальная ошибка по времени : 8.01461e-09
значение высшей гармоники (норма по пространству) :0.0113843
прошедшее время : 436 секунд(ы)

проинтегрирован отрезок = 2.17
выполнено :98.6364%
(максимальная по пространству) локальная ошибка по времени : 8.01461e-09
значение высшей гармоники (норма по пространству) :0.00634169
прошедшее время : 437 секунд(ы)

проинтегрирован отрезок = 2.175
выполнено :98.8636%
(максимальная по пространству) локальная ошибка по времени : 8.01461e-09
значение высшей гармоники (норма по пространству) :0.00090714
прошедшее время : 438 секунд(ы)

проинтегрирован отрезок = 2.18
выполнено :99.0909%
(максимальная по пространству) локальная ошибка по времени : 8.01461e-09
значение высшей гармоники (норма по пространству) :0.00458384
прошедшее время : 439 секунд(ы)

проинтегрирован отрезок = 2.185
выполнено :99.3182%
(максимальная по пространству) локальная ошибка по времени : 8.01461e-09
значение высшей гармоники (норма по пространству) :0.00979224
прошедшее время : 440 секунд(ы)

проинтегрирован отрезок = 2.19
выполнено :99.5455%
(максимальная по пространству) локальная ошибка по времени : 8.01461e-09
значение высшей гармоники (норма по пространству) :0.0143965
прошедшее время : 441 секунд(ы)

проинтегрирован отрезок = 2.195
выполнено :99.7727%
(максимальная по пространству) локальная ошибка по времени : 8.01461e-09
значение высшей гармоники (норма по пространству) :0.0181126
прошедшее время : 442 секунд(ы)

проинтегрирован отрезок = 2.2
выполнено :100%
(максимальная по пространству) локальная ошибка по времени : 8.01461e-09
значение высшей гармоники (норма по пространству) :0.0207111
прошедшее время : 443 секунд(ы)

расчет окончен. 
(максимальная по пространству) Общая ошибка по времени = 3.52643e-06
Cреднее значение высшей гармоники = 0.0137573
время расчета : 444 секунд(ы)
 Cоздаю графики...

в папке graphics созданы файлы с графиками X.eps, 
graph_moment.gif и animate.gif
